{"/workspaces/light-bridge/src/project.ts": {"path":"/workspaces/light-bridge/src/project.ts","statementMap":{"0":{"start":{"line":4,"column":14},"end":{"line":4,"column":null}},"1":{"start":{"line":12,"column":21},"end":{"line":12,"column":null}},"2":{"start":{"line":14,"column":2},"end":{"line":16,"column":null}},"3":{"start":{"line":15,"column":4},"end":{"line":15,"column":null}},"4":{"start":{"line":18,"column":12},"end":{"line":18,"column":null}},"5":{"start":{"line":19,"column":2},"end":{"line":32,"column":null}},"6":{"start":{"line":20,"column":22},"end":{"line":20,"column":null}},"7":{"start":{"line":21,"column":4},"end":{"line":24,"column":null}},"8":{"start":{"line":22,"column":6},"end":{"line":22,"column":null}},"9":{"start":{"line":23,"column":6},"end":{"line":23,"column":null}},"10":{"start":{"line":25,"column":19},"end":{"line":25,"column":null}},"11":{"start":{"line":26,"column":4},"end":{"line":30,"column":null}},"12":{"start":{"line":28,"column":6},"end":{"line":28,"column":null}},"13":{"start":{"line":29,"column":6},"end":{"line":29,"column":null}},"14":{"start":{"line":31,"column":4},"end":{"line":31,"column":null}},"15":{"start":{"line":39,"column":2},"end":{"line":39,"column":null}}},"fnMap":{"0":{"name":"findTsConfig","decl":{"start":{"line":11,"column":16},"end":{"line":11,"column":29}},"loc":{"start":{"line":11,"column":62},"end":{"line":33,"column":null}},"line":11},"1":{"name":"findTsConfigForFile","decl":{"start":{"line":38,"column":16},"end":{"line":38,"column":36}},"loc":{"start":{"line":38,"column":69},"end":{"line":40,"column":null}},"line":38}},"branchMap":{"0":{"loc":{"start":{"line":14,"column":2},"end":{"line":16,"column":null}},"type":"if","locations":[{"start":{"line":14,"column":2},"end":{"line":16,"column":null}},{"start":{},"end":{}}],"line":14},"1":{"loc":{"start":{"line":21,"column":4},"end":{"line":24,"column":null}},"type":"if","locations":[{"start":{"line":21,"column":4},"end":{"line":24,"column":null}},{"start":{},"end":{}}],"line":21},"2":{"loc":{"start":{"line":26,"column":4},"end":{"line":30,"column":null}},"type":"if","locations":[{"start":{"line":26,"column":4},"end":{"line":30,"column":null}},{"start":{},"end":{}}],"line":26}},"s":{"0":2,"1":28,"2":28,"3":14,"4":14,"5":14,"6":33,"7":33,"8":14,"9":14,"10":19,"11":19,"12":0,"13":0,"14":19,"15":28},"f":{"0":28,"1":28},"b":{"0":[14,14],"1":[14,19],"2":[0,19]},"meta":{"lastBranch":3,"lastFunction":2,"lastStatement":16,"seen":{"s:4:14:4:Infinity":0,"f:11:16:11:29":0,"s:12:21:12:Infinity":1,"b:14:2:16:Infinity:undefined:undefined:undefined:undefined":0,"s:14:2:16:Infinity":2,"s:15:4:15:Infinity":3,"s:18:12:18:Infinity":4,"s:19:2:32:Infinity":5,"s:20:22:20:Infinity":6,"b:21:4:24:Infinity:undefined:undefined:undefined:undefined":1,"s:21:4:24:Infinity":7,"s:22:6:22:Infinity":8,"s:23:6:23:Infinity":9,"s:25:19:25:Infinity":10,"b:26:4:30:Infinity:undefined:undefined:undefined:undefined":2,"s:26:4:30:Infinity":11,"s:28:6:28:Infinity":12,"s:29:6:29:Infinity":13,"s:31:4:31:Infinity":14,"f:38:16:38:36":1,"s:39:2:39:Infinity":15}}}
,"/workspaces/light-bridge/src/vue-scan.ts": {"path":"/workspaces/light-bridge/src/vue-scan.ts","statementMap":{"0":{"start":{"line":4,"column":25},"end":{"line":4,"column":null}},"1":{"start":{"line":20,"column":24},"end":{"line":20,"column":null}},"2":{"start":{"line":21,"column":19},"end":{"line":21,"column":null}},"3":{"start":{"line":22,"column":29},"end":{"line":22,"column":null}},"4":{"start":{"line":24,"column":2},"end":{"line":37,"column":null}},"5":{"start":{"line":26,"column":4},"end":{"line":30,"column":null}},"6":{"start":{"line":27,"column":6},"end":{"line":27,"column":null}},"7":{"start":{"line":29,"column":6},"end":{"line":29,"column":null}},"8":{"start":{"line":32,"column":20},"end":{"line":32,"column":null}},"9":{"start":{"line":33,"column":4},"end":{"line":36,"column":null}},"10":{"start":{"line":34,"column":6},"end":{"line":34,"column":null}},"11":{"start":{"line":35,"column":6},"end":{"line":35,"column":null}},"12":{"start":{"line":39,"column":2},"end":{"line":39,"column":null}},"13":{"start":{"line":53,"column":2},"end":{"line":62,"column":null}},"14":{"start":{"line":54,"column":22},"end":{"line":54,"column":null}},"15":{"start":{"line":55,"column":4},"end":{"line":55,"column":null}},"16":{"start":{"line":55,"column":36},"end":{"line":55,"column":null}},"17":{"start":{"line":57,"column":14},"end":{"line":57,"column":null}},"18":{"start":{"line":58,"column":4},"end":{"line":58,"column":null}},"19":{"start":{"line":59,"column":4},"end":{"line":59,"column":null}},"20":{"start":{"line":59,"column":30},"end":{"line":59,"column":null}},"21":{"start":{"line":61,"column":4},"end":{"line":61,"column":null}},"22":{"start":{"line":66,"column":2},"end":{"line":66,"column":null}},"23":{"start":{"line":70,"column":28},"end":{"line":70,"column":null}},"24":{"start":{"line":72,"column":15},"end":{"line":88,"column":null}},"25":{"start":{"line":74,"column":4},"end":{"line":78,"column":null}},"26":{"start":{"line":75,"column":6},"end":{"line":75,"column":null}},"27":{"start":{"line":77,"column":6},"end":{"line":77,"column":null}},"28":{"start":{"line":79,"column":4},"end":{"line":87,"column":null}},"29":{"start":{"line":80,"column":6},"end":{"line":80,"column":null}},"30":{"start":{"line":80,"column":37},"end":{"line":80,"column":null}},"31":{"start":{"line":81,"column":19},"end":{"line":81,"column":null}},"32":{"start":{"line":82,"column":6},"end":{"line":86,"column":null}},"33":{"start":{"line":83,"column":8},"end":{"line":83,"column":null}},"34":{"start":{"line":84,"column":6},"end":{"line":86,"column":null}},"35":{"start":{"line":85,"column":8},"end":{"line":85,"column":null}},"36":{"start":{"line":90,"column":2},"end":{"line":90,"column":null}},"37":{"start":{"line":91,"column":2},"end":{"line":91,"column":null}}},"fnMap":{"0":{"name":"updateVueImportsAfterMove","decl":{"start":{"line":15,"column":16},"end":{"line":15,"column":null}},"loc":{"start":{"line":19,"column":12},"end":{"line":40,"column":null}},"line":19},"1":{"name":"rewriteImports","decl":{"start":{"line":46,"column":9},"end":{"line":46,"column":null}},"loc":{"start":{"line":51,"column":10},"end":{"line":63,"column":null}},"line":51},"2":{"name":"(anonymous_2)","decl":{"start":{"line":53,"column":61},"end":{"line":53,"column":62}},"loc":{"start":{"line":53,"column":91},"end":{"line":62,"column":3}},"line":53},"3":{"name":"stripExt","decl":{"start":{"line":65,"column":9},"end":{"line":65,"column":18}},"loc":{"start":{"line":65,"column":44},"end":{"line":67,"column":null}},"line":65},"4":{"name":"findVueFiles","decl":{"start":{"line":69,"column":9},"end":{"line":69,"column":22}},"loc":{"start":{"line":69,"column":45},"end":{"line":92,"column":null}},"line":69},"5":{"name":"(anonymous_5)","decl":{"start":{"line":72,"column":15},"end":{"line":72,"column":16}},"loc":{"start":{"line":72,"column":36},"end":{"line":88,"column":null}},"line":72}},"branchMap":{"0":{"loc":{"start":{"line":33,"column":4},"end":{"line":36,"column":null}},"type":"if","locations":[{"start":{"line":33,"column":4},"end":{"line":36,"column":null}},{"start":{},"end":{}}],"line":33},"1":{"loc":{"start":{"line":55,"column":4},"end":{"line":55,"column":null}},"type":"if","locations":[{"start":{"line":55,"column":4},"end":{"line":55,"column":null}},{"start":{},"end":{}}],"line":55},"2":{"loc":{"start":{"line":59,"column":4},"end":{"line":59,"column":null}},"type":"if","locations":[{"start":{"line":59,"column":4},"end":{"line":59,"column":null}},{"start":{},"end":{}}],"line":59},"3":{"loc":{"start":{"line":80,"column":6},"end":{"line":80,"column":null}},"type":"if","locations":[{"start":{"line":80,"column":6},"end":{"line":80,"column":null}},{"start":{},"end":{}}],"line":80},"4":{"loc":{"start":{"line":82,"column":6},"end":{"line":86,"column":null}},"type":"if","locations":[{"start":{"line":82,"column":6},"end":{"line":86,"column":null}},{"start":{"line":84,"column":6},"end":{"line":86,"column":null}}],"line":82},"5":{"loc":{"start":{"line":84,"column":6},"end":{"line":86,"column":null}},"type":"if","locations":[{"start":{"line":84,"column":6},"end":{"line":86,"column":null}},{"start":{},"end":{}}],"line":84},"6":{"loc":{"start":{"line":84,"column":17},"end":{"line":84,"column":64}},"type":"binary-expr","locations":[{"start":{"line":84,"column":17},"end":{"line":84,"column":35}},{"start":{"line":84,"column":35},"end":{"line":84,"column":64}}],"line":84}},"s":{"0":2,"1":7,"2":7,"3":7,"4":7,"5":3,"6":3,"7":0,"8":3,"9":3,"10":3,"11":3,"12":7,"13":3,"14":3,"15":3,"16":0,"17":3,"18":3,"19":3,"20":3,"21":3,"22":13,"23":7,"24":7,"25":26,"26":26,"27":0,"28":26,"29":43,"30":0,"31":43,"32":43,"33":19,"34":24,"35":3,"36":7,"37":7},"f":{"0":7,"1":3,"2":3,"3":13,"4":7,"5":26},"b":{"0":[3,0],"1":[0,3],"2":[3,0],"3":[0,43],"4":[19,24],"5":[3,21],"6":[24,24]},"meta":{"lastBranch":7,"lastFunction":6,"lastStatement":38,"seen":{"s:4:25:4:Infinity":0,"f:15:16:15:Infinity":0,"s:20:24:20:Infinity":1,"s:21:19:21:Infinity":2,"s:22:29:22:Infinity":3,"s:24:2:37:Infinity":4,"s:26:4:30:Infinity":5,"s:27:6:27:Infinity":6,"s:29:6:29:Infinity":7,"s:32:20:32:Infinity":8,"b:33:4:36:Infinity:undefined:undefined:undefined:undefined":0,"s:33:4:36:Infinity":9,"s:34:6:34:Infinity":10,"s:35:6:35:Infinity":11,"s:39:2:39:Infinity":12,"f:46:9:46:Infinity":1,"s:53:2:62:Infinity":13,"f:53:61:53:62":2,"s:54:22:54:Infinity":14,"b:55:4:55:Infinity:undefined:undefined:undefined:undefined":1,"s:55:4:55:Infinity":15,"s:55:36:55:Infinity":16,"s:57:14:57:Infinity":17,"s:58:4:58:Infinity":18,"b:59:4:59:Infinity:undefined:undefined:undefined:undefined":2,"s:59:4:59:Infinity":19,"s:59:30:59:Infinity":20,"s:61:4:61:Infinity":21,"f:65:9:65:18":3,"s:66:2:66:Infinity":22,"f:69:9:69:22":4,"s:70:28:70:Infinity":23,"s:72:15:88:Infinity":24,"f:72:15:72:16":5,"s:74:4:78:Infinity":25,"s:75:6:75:Infinity":26,"s:77:6:77:Infinity":27,"s:79:4:87:Infinity":28,"b:80:6:80:Infinity:undefined:undefined:undefined:undefined":3,"s:80:6:80:Infinity":29,"s:80:37:80:Infinity":30,"s:81:19:81:Infinity":31,"b:82:6:86:Infinity:84:6:86:Infinity":4,"s:82:6:86:Infinity":32,"s:83:8:83:Infinity":33,"b:84:6:86:Infinity:undefined:undefined:undefined:undefined":5,"s:84:6:86:Infinity":34,"b:84:17:84:35:84:35:84:64":6,"s:85:8:85:Infinity":35,"s:90:2:90:Infinity":36,"s:91:2:91:Infinity":37}}}
,"/workspaces/light-bridge/src/daemon/paths.ts": {"path":"/workspaces/light-bridge/src/daemon/paths.ts","statementMap":{"0":{"start":{"line":6,"column":18},"end":{"line":6,"column":null}},"1":{"start":{"line":9,"column":2},"end":{"line":9,"column":null}},"2":{"start":{"line":13,"column":2},"end":{"line":13,"column":null}},"3":{"start":{"line":17,"column":2},"end":{"line":17,"column":null}},"4":{"start":{"line":21,"column":2},"end":{"line":21,"column":null}},"5":{"start":{"line":29,"column":19},"end":{"line":29,"column":null}},"6":{"start":{"line":30,"column":2},"end":{"line":37,"column":null}},"7":{"start":{"line":31,"column":16},"end":{"line":31,"column":null}},"8":{"start":{"line":32,"column":4},"end":{"line":32,"column":null}},"9":{"start":{"line":32,"column":27},"end":{"line":32,"column":null}},"10":{"start":{"line":33,"column":4},"end":{"line":33,"column":null}},"11":{"start":{"line":34,"column":4},"end":{"line":34,"column":null}},"12":{"start":{"line":36,"column":4},"end":{"line":36,"column":null}},"13":{"start":{"line":45,"column":2},"end":{"line":51,"column":null}},"14":{"start":{"line":46,"column":4},"end":{"line":50,"column":null}},"15":{"start":{"line":47,"column":6},"end":{"line":47,"column":null}}},"fnMap":{"0":{"name":"workspaceHash","decl":{"start":{"line":8,"column":9},"end":{"line":8,"column":23}},"loc":{"start":{"line":8,"column":54},"end":{"line":10,"column":null}},"line":8},"1":{"name":"socketPath","decl":{"start":{"line":12,"column":16},"end":{"line":12,"column":27}},"loc":{"start":{"line":12,"column":58},"end":{"line":14,"column":null}},"line":12},"2":{"name":"lockfilePath","decl":{"start":{"line":16,"column":16},"end":{"line":16,"column":29}},"loc":{"start":{"line":16,"column":60},"end":{"line":18,"column":null}},"line":16},"3":{"name":"ensureCacheDir","decl":{"start":{"line":20,"column":16},"end":{"line":20,"column":39}},"loc":{"start":{"line":20,"column":39},"end":{"line":22,"column":null}},"line":20},"4":{"name":"isDaemonAlive","decl":{"start":{"line":28,"column":16},"end":{"line":28,"column":30}},"loc":{"start":{"line":28,"column":62},"end":{"line":38,"column":null}},"line":28},"5":{"name":"removeDaemonFiles","decl":{"start":{"line":44,"column":16},"end":{"line":44,"column":34}},"loc":{"start":{"line":44,"column":63},"end":{"line":52,"column":null}},"line":44}},"branchMap":{"0":{"loc":{"start":{"line":32,"column":4},"end":{"line":32,"column":null}},"type":"if","locations":[{"start":{"line":32,"column":4},"end":{"line":32,"column":null}},{"start":{},"end":{}}],"line":32}},"s":{"0":10,"1":85,"2":38,"3":47,"4":0,"5":6,"6":6,"7":6,"8":6,"9":1,"10":4,"11":4,"12":2,"13":20,"14":40,"15":40},"f":{"0":85,"1":38,"2":47,"3":0,"4":6,"5":20},"b":{"0":[1,5]},"meta":{"lastBranch":1,"lastFunction":6,"lastStatement":16,"seen":{"s:6:18:6:Infinity":0,"f:8:9:8:23":0,"s:9:2:9:Infinity":1,"f:12:16:12:27":1,"s:13:2:13:Infinity":2,"f:16:16:16:29":2,"s:17:2:17:Infinity":3,"f:20:16:20:39":3,"s:21:2:21:Infinity":4,"f:28:16:28:30":4,"s:29:19:29:Infinity":5,"s:30:2:37:Infinity":6,"s:31:16:31:Infinity":7,"b:32:4:32:Infinity:undefined:undefined:undefined:undefined":0,"s:32:4:32:Infinity":8,"s:32:27:32:Infinity":9,"s:33:4:33:Infinity":10,"s:34:4:34:Infinity":11,"s:36:4:36:Infinity":12,"f:44:16:44:34":5,"s:45:2:51:Infinity":13,"s:46:4:50:Infinity":14,"s:47:6:47:Infinity":15}}}
,"/workspaces/light-bridge/src/engines/ts-engine.ts": {"path":"/workspaces/light-bridge/src/engines/ts-engine.ts","statementMap":{"0":{"start":{"line":9,"column":21},"end":{"line":9,"column":null}},"1":{"start":{"line":12,"column":10},"end":{"line":12,"column":null}},"2":{"start":{"line":14,"column":21},"end":{"line":14,"column":null}},"3":{"start":{"line":15,"column":18},"end":{"line":15,"column":null}},"4":{"start":{"line":16,"column":4},"end":{"line":26,"column":null}},"5":{"start":{"line":17,"column":6},"end":{"line":24,"column":null}},"6":{"start":{"line":18,"column":8},"end":{"line":21,"column":null}},"7":{"start":{"line":23,"column":8},"end":{"line":23,"column":null}},"8":{"start":{"line":25,"column":6},"end":{"line":25,"column":null}},"9":{"start":{"line":27,"column":4},"end":{"line":27,"column":null}},"10":{"start":{"line":36,"column":20},"end":{"line":36,"column":null}},"11":{"start":{"line":38,"column":4},"end":{"line":42,"column":null}},"12":{"start":{"line":39,"column":6},"end":{"line":41,"column":null}},"13":{"start":{"line":44,"column":20},"end":{"line":44,"column":null}},"14":{"start":{"line":47,"column":21},"end":{"line":47,"column":null}},"15":{"start":{"line":48,"column":4},"end":{"line":50,"column":null}},"16":{"start":{"line":49,"column":6},"end":{"line":49,"column":null}},"17":{"start":{"line":53,"column":22},"end":{"line":53,"column":null}},"18":{"start":{"line":54,"column":4},"end":{"line":58,"column":null}},"19":{"start":{"line":55,"column":6},"end":{"line":57,"column":null}},"20":{"start":{"line":60,"column":4},"end":{"line":67,"column":null}},"21":{"start":{"line":61,"column":6},"end":{"line":61,"column":null}},"22":{"start":{"line":63,"column":6},"end":{"line":66,"column":null}},"23":{"start":{"line":69,"column":17},"end":{"line":69,"column":null}},"24":{"start":{"line":70,"column":4},"end":{"line":74,"column":null}},"25":{"start":{"line":71,"column":6},"end":{"line":73,"column":null}},"26":{"start":{"line":77,"column":35},"end":{"line":77,"column":null}},"27":{"start":{"line":78,"column":4},"end":{"line":80,"column":null}},"28":{"start":{"line":79,"column":6},"end":{"line":79,"column":null}},"29":{"start":{"line":82,"column":4},"end":{"line":87,"column":null}},"30":{"start":{"line":83,"column":6},"end":{"line":86,"column":null}},"31":{"start":{"line":89,"column":20},"end":{"line":89,"column":null}},"32":{"start":{"line":92,"column":15},"end":{"line":92,"column":null}},"33":{"start":{"line":93,"column":23},"end":{"line":95,"column":null}},"34":{"start":{"line":97,"column":4},"end":{"line":102,"column":null}},"35":{"start":{"line":98,"column":6},"end":{"line":101,"column":null}},"36":{"start":{"line":105,"column":4},"end":{"line":105,"column":null}},"37":{"start":{"line":108,"column":26},"end":{"line":111,"column":null}},"38":{"start":{"line":110,"column":22},"end":{"line":110,"column":35}},"39":{"start":{"line":111,"column":19},"end":{"line":111,"column":45}},"40":{"start":{"line":113,"column":4},"end":{"line":113,"column":null}},"41":{"start":{"line":115,"column":4},"end":{"line":120,"column":null}},"42":{"start":{"line":124,"column":10},"end":{"line":124,"column":null}},"43":{"start":{"line":125,"column":4},"end":{"line":125,"column":null}},"44":{"start":{"line":129,"column":19},"end":{"line":129,"column":null}},"45":{"start":{"line":130,"column":19},"end":{"line":130,"column":null}},"46":{"start":{"line":132,"column":4},"end":{"line":136,"column":null}},"47":{"start":{"line":133,"column":6},"end":{"line":135,"column":null}},"48":{"start":{"line":138,"column":20},"end":{"line":138,"column":null}},"49":{"start":{"line":140,"column":21},"end":{"line":140,"column":null}},"50":{"start":{"line":141,"column":4},"end":{"line":143,"column":null}},"51":{"start":{"line":142,"column":6},"end":{"line":142,"column":null}},"52":{"start":{"line":146,"column":20},"end":{"line":146,"column":null}},"53":{"start":{"line":147,"column":4},"end":{"line":149,"column":null}},"54":{"start":{"line":148,"column":6},"end":{"line":148,"column":null}},"55":{"start":{"line":152,"column":4},"end":{"line":152,"column":null}},"56":{"start":{"line":154,"column":26},"end":{"line":157,"column":null}},"57":{"start":{"line":156,"column":22},"end":{"line":156,"column":35}},"58":{"start":{"line":157,"column":19},"end":{"line":157,"column":45}},"59":{"start":{"line":159,"column":4},"end":{"line":159,"column":null}},"60":{"start":{"line":163,"column":4},"end":{"line":163,"column":null}},"61":{"start":{"line":166,"column":10},"end":{"line":166,"column":null}},"62":{"start":{"line":167,"column":23},"end":{"line":167,"column":null}},"63":{"start":{"line":168,"column":10},"end":{"line":168,"column":null}},"64":{"start":{"line":169,"column":4},"end":{"line":171,"column":null}},"65":{"start":{"line":170,"column":6},"end":{"line":170,"column":null}},"66":{"start":{"line":170,"column":38},"end":{"line":170,"column":null}},"67":{"start":{"line":173,"column":4},"end":{"line":177,"column":null}}},"fnMap":{"0":{"name":"(anonymous_0)","decl":{"start":{"line":11,"column":10},"end":{"line":11,"column":21}},"loc":{"start":{"line":11,"column":48},"end":{"line":28,"column":null}},"line":11},"1":{"name":"(anonymous_1)","decl":{"start":{"line":30,"column":8},"end":{"line":30,"column":null}},"loc":{"start":{"line":35,"column":27},"end":{"line":121,"column":null}},"line":35},"2":{"name":"(anonymous_2)","decl":{"start":{"line":110,"column":14},"end":{"line":110,"column":15}},"loc":{"start":{"line":110,"column":22},"end":{"line":110,"column":35}},"line":110},"3":{"name":"(anonymous_3)","decl":{"start":{"line":111,"column":11},"end":{"line":111,"column":12}},"loc":{"start":{"line":111,"column":19},"end":{"line":111,"column":45}},"line":111},"4":{"name":"(anonymous_4)","decl":{"start":{"line":123,"column":10},"end":{"line":123,"column":28}},"loc":{"start":{"line":123,"column":52},"end":{"line":126,"column":null}},"line":123},"5":{"name":"(anonymous_5)","decl":{"start":{"line":128,"column":8},"end":{"line":128,"column":17}},"loc":{"start":{"line":128,"column":72},"end":{"line":178,"column":null}},"line":128},"6":{"name":"(anonymous_6)","decl":{"start":{"line":156,"column":14},"end":{"line":156,"column":15}},"loc":{"start":{"line":156,"column":22},"end":{"line":156,"column":35}},"line":156},"7":{"name":"(anonymous_7)","decl":{"start":{"line":157,"column":11},"end":{"line":157,"column":12}},"loc":{"start":{"line":157,"column":19},"end":{"line":157,"column":45}},"line":157}},"branchMap":{"0":{"loc":{"start":{"line":14,"column":21},"end":{"line":14,"column":null}},"type":"binary-expr","locations":[{"start":{"line":14,"column":21},"end":{"line":14,"column":37}},{"start":{"line":14,"column":37},"end":{"line":14,"column":null}}],"line":14},"1":{"loc":{"start":{"line":16,"column":4},"end":{"line":26,"column":null}},"type":"if","locations":[{"start":{"line":16,"column":4},"end":{"line":26,"column":null}},{"start":{},"end":{}}],"line":16},"2":{"loc":{"start":{"line":17,"column":6},"end":{"line":24,"column":null}},"type":"if","locations":[{"start":{"line":17,"column":6},"end":{"line":24,"column":null}},{"start":{"line":22,"column":13},"end":{"line":24,"column":null}}],"line":17},"3":{"loc":{"start":{"line":38,"column":4},"end":{"line":42,"column":null}},"type":"if","locations":[{"start":{"line":38,"column":4},"end":{"line":42,"column":null}},{"start":{},"end":{}}],"line":38},"4":{"loc":{"start":{"line":48,"column":4},"end":{"line":50,"column":null}},"type":"if","locations":[{"start":{"line":48,"column":4},"end":{"line":50,"column":null}},{"start":{},"end":{}}],"line":48},"5":{"loc":{"start":{"line":54,"column":4},"end":{"line":58,"column":null}},"type":"if","locations":[{"start":{"line":54,"column":4},"end":{"line":58,"column":null}},{"start":{},"end":{}}],"line":54},"6":{"loc":{"start":{"line":70,"column":4},"end":{"line":74,"column":null}},"type":"if","locations":[{"start":{"line":70,"column":4},"end":{"line":74,"column":null}},{"start":{},"end":{}}],"line":70},"7":{"loc":{"start":{"line":78,"column":11},"end":{"line":78,"column":86}},"type":"binary-expr","locations":[{"start":{"line":78,"column":11},"end":{"line":78,"column":21}},{"start":{"line":78,"column":21},"end":{"line":78,"column":51}},{"start":{"line":78,"column":51},"end":{"line":78,"column":86}}],"line":78},"8":{"loc":{"start":{"line":82,"column":4},"end":{"line":87,"column":null}},"type":"if","locations":[{"start":{"line":82,"column":4},"end":{"line":87,"column":null}},{"start":{},"end":{}}],"line":82},"9":{"loc":{"start":{"line":82,"column":8},"end":{"line":82,"column":86}},"type":"binary-expr","locations":[{"start":{"line":82,"column":8},"end":{"line":82,"column":20}},{"start":{"line":82,"column":20},"end":{"line":82,"column":50}},{"start":{"line":82,"column":50},"end":{"line":82,"column":86}}],"line":82},"10":{"loc":{"start":{"line":97,"column":4},"end":{"line":102,"column":null}},"type":"if","locations":[{"start":{"line":97,"column":4},"end":{"line":102,"column":null}},{"start":{},"end":{}}],"line":97},"11":{"loc":{"start":{"line":99,"column":18},"end":{"line":99,"column":80}},"type":"binary-expr","locations":[{"start":{"line":99,"column":18},"end":{"line":99,"column":54}},{"start":{"line":99,"column":54},"end":{"line":99,"column":80}}],"line":99},"12":{"loc":{"start":{"line":125,"column":25},"end":{"line":125,"column":58}},"type":"binary-expr","locations":[{"start":{"line":125,"column":25},"end":{"line":125,"column":41}},{"start":{"line":125,"column":41},"end":{"line":125,"column":58}}],"line":125},"13":{"loc":{"start":{"line":132,"column":4},"end":{"line":136,"column":null}},"type":"if","locations":[{"start":{"line":132,"column":4},"end":{"line":136,"column":null}},{"start":{},"end":{}}],"line":132},"14":{"loc":{"start":{"line":141,"column":4},"end":{"line":143,"column":null}},"type":"if","locations":[{"start":{"line":141,"column":4},"end":{"line":143,"column":null}},{"start":{},"end":{}}],"line":141},"15":{"loc":{"start":{"line":147,"column":4},"end":{"line":149,"column":null}},"type":"if","locations":[{"start":{"line":147,"column":4},"end":{"line":149,"column":null}},{"start":{},"end":{}}],"line":147},"16":{"loc":{"start":{"line":167,"column":23},"end":{"line":167,"column":null}},"type":"cond-expr","locations":[{"start":{"line":167,"column":41},"end":{"line":167,"column":73}},{"start":{"line":167,"column":73},"end":{"line":167,"column":null}}],"line":167},"17":{"loc":{"start":{"line":170,"column":6},"end":{"line":170,"column":null}},"type":"if","locations":[{"start":{"line":170,"column":6},"end":{"line":170,"column":null}},{"start":{},"end":{}}],"line":170}},"s":{"0":9,"1":8,"2":8,"3":8,"4":8,"5":8,"6":8,"7":0,"8":8,"9":8,"10":5,"11":5,"12":1,"13":4,"14":4,"15":4,"16":0,"17":4,"18":4,"19":1,"20":3,"21":3,"22":0,"23":3,"24":3,"25":0,"26":3,"27":3,"28":0,"29":3,"30":0,"31":3,"32":3,"33":3,"34":3,"35":0,"36":3,"37":3,"38":7,"39":7,"40":3,"41":3,"42":4,"43":4,"44":5,"45":5,"46":5,"47":1,"48":4,"49":4,"50":4,"51":0,"52":4,"53":4,"54":3,"55":4,"56":4,"57":8,"58":8,"59":4,"60":4,"61":4,"62":4,"63":5,"64":5,"65":0,"66":0,"67":4},"f":{"0":8,"1":5,"2":7,"3":7,"4":4,"5":5,"6":8,"7":8},"b":{"0":[8,0],"1":[8,0],"2":[8,0],"3":[1,4],"4":[0,4],"5":[1,3],"6":[0,3],"7":[3,3,0],"8":[0,3],"9":[3,3,0],"10":[0,3],"11":[0,0],"12":[4,0],"13":[1,4],"14":[0,4],"15":[3,1],"16":[4,0],"17":[0,0]},"meta":{"lastBranch":18,"lastFunction":8,"lastStatement":68,"seen":{"s:9:21:9:Infinity":0,"f:11:10:11:21":0,"s:12:10:12:Infinity":1,"s:14:21:14:Infinity":2,"b:14:21:14:37:14:37:14:Infinity":0,"s:15:18:15:Infinity":3,"b:16:4:26:Infinity:undefined:undefined:undefined:undefined":1,"s:16:4:26:Infinity":4,"b:17:6:24:Infinity:22:13:24:Infinity":2,"s:17:6:24:Infinity":5,"s:18:8:21:Infinity":6,"s:23:8:23:Infinity":7,"s:25:6:25:Infinity":8,"s:27:4:27:Infinity":9,"f:30:8:30:Infinity":1,"s:36:20:36:Infinity":10,"b:38:4:42:Infinity:undefined:undefined:undefined:undefined":3,"s:38:4:42:Infinity":11,"s:39:6:41:Infinity":12,"s:44:20:44:Infinity":13,"s:47:21:47:Infinity":14,"b:48:4:50:Infinity:undefined:undefined:undefined:undefined":4,"s:48:4:50:Infinity":15,"s:49:6:49:Infinity":16,"s:53:22:53:Infinity":17,"b:54:4:58:Infinity:undefined:undefined:undefined:undefined":5,"s:54:4:58:Infinity":18,"s:55:6:57:Infinity":19,"s:60:4:67:Infinity":20,"s:61:6:61:Infinity":21,"s:63:6:66:Infinity":22,"s:69:17:69:Infinity":23,"b:70:4:74:Infinity:undefined:undefined:undefined:undefined":6,"s:70:4:74:Infinity":24,"s:71:6:73:Infinity":25,"s:77:35:77:Infinity":26,"s:78:4:80:Infinity":27,"b:78:11:78:21:78:21:78:51:78:51:78:86":7,"s:79:6:79:Infinity":28,"b:82:4:87:Infinity:undefined:undefined:undefined:undefined":8,"s:82:4:87:Infinity":29,"b:82:8:82:20:82:20:82:50:82:50:82:86":9,"s:83:6:86:Infinity":30,"s:89:20:89:Infinity":31,"s:92:15:92:Infinity":32,"s:93:23:95:Infinity":33,"b:97:4:102:Infinity:undefined:undefined:undefined:undefined":10,"s:97:4:102:Infinity":34,"s:98:6:101:Infinity":35,"b:99:18:99:54:99:54:99:80":11,"s:105:4:105:Infinity":36,"s:108:26:111:Infinity":37,"f:110:14:110:15":2,"s:110:22:110:35":38,"f:111:11:111:12":3,"s:111:19:111:45":39,"s:113:4:113:Infinity":40,"s:115:4:120:Infinity":41,"f:123:10:123:28":4,"s:124:10:124:Infinity":42,"s:125:4:125:Infinity":43,"b:125:25:125:41:125:41:125:58":12,"f:128:8:128:17":5,"s:129:19:129:Infinity":44,"s:130:19:130:Infinity":45,"b:132:4:136:Infinity:undefined:undefined:undefined:undefined":13,"s:132:4:136:Infinity":46,"s:133:6:135:Infinity":47,"s:138:20:138:Infinity":48,"s:140:21:140:Infinity":49,"b:141:4:143:Infinity:undefined:undefined:undefined:undefined":14,"s:141:4:143:Infinity":50,"s:142:6:142:Infinity":51,"s:146:20:146:Infinity":52,"b:147:4:149:Infinity:undefined:undefined:undefined:undefined":15,"s:147:4:149:Infinity":53,"s:148:6:148:Infinity":54,"s:152:4:152:Infinity":55,"s:154:26:157:Infinity":56,"f:156:14:156:15":6,"s:156:22:156:35":57,"f:157:11:157:12":7,"s:157:19:157:45":58,"s:159:4:159:Infinity":59,"s:163:4:163:Infinity":60,"s:166:10:166:Infinity":61,"s:167:23:167:Infinity":62,"b:167:41:167:73:167:73:167:Infinity":16,"s:168:10:168:Infinity":63,"s:169:4:171:Infinity":64,"b:170:6:170:Infinity:undefined:undefined:undefined:undefined":17,"s:170:6:170:Infinity":65,"s:170:38:170:Infinity":66,"s:173:4:177:Infinity":67}}}
,"/workspaces/light-bridge/src/engines/vue-engine.ts": {"path":"/workspaces/light-bridge/src/engines/vue-engine.ts","statementMap":{"0":{"start":{"line":36,"column":21},"end":{"line":36,"column":null}},"1":{"start":{"line":42,"column":15},"end":{"line":42,"column":null}},"2":{"start":{"line":43,"column":67},"end":{"line":45,"column":null}},"3":{"start":{"line":46,"column":72},"end":{"line":48,"column":null}},"4":{"start":{"line":49,"column":31},"end":{"line":49,"column":null}},"5":{"start":{"line":51,"column":25},"end":{"line":51,"column":null}},"6":{"start":{"line":53,"column":21},"end":{"line":62,"column":null}},"7":{"start":{"line":54,"column":6},"end":{"line":54,"column":null}},"8":{"start":{"line":54,"column":38},"end":{"line":54,"column":null}},"9":{"start":{"line":55,"column":6},"end":{"line":61,"column":null}},"10":{"start":{"line":56,"column":24},"end":{"line":56,"column":null}},"11":{"start":{"line":57,"column":8},"end":{"line":57,"column":null}},"12":{"start":{"line":58,"column":8},"end":{"line":58,"column":null}},"13":{"start":{"line":60,"column":8},"end":{"line":60,"column":null}},"14":{"start":{"line":64,"column":64},"end":{"line":64,"column":null}},"15":{"start":{"line":66,"column":4},"end":{"line":76,"column":null}},"16":{"start":{"line":67,"column":21},"end":{"line":67,"column":null}},"17":{"start":{"line":68,"column":6},"end":{"line":75,"column":null}},"18":{"start":{"line":69,"column":23},"end":{"line":73,"column":null}},"19":{"start":{"line":74,"column":8},"end":{"line":74,"column":null}},"20":{"start":{"line":78,"column":31},"end":{"line":78,"column":null}},"21":{"start":{"line":80,"column":22},"end":{"line":85,"column":null}},"22":{"start":{"line":84,"column":14},"end":{"line":84,"column":null}},"23":{"start":{"line":88,"column":35},"end":{"line":88,"column":null}},"24":{"start":{"line":89,"column":24},"end":{"line":89,"column":null}},"25":{"start":{"line":90,"column":4},"end":{"line":98,"column":null}},"26":{"start":{"line":91,"column":21},"end":{"line":91,"column":null}},"27":{"start":{"line":92,"column":6},"end":{"line":95,"column":null}},"28":{"start":{"line":93,"column":23},"end":{"line":93,"column":null}},"29":{"start":{"line":94,"column":8},"end":{"line":94,"column":null}},"30":{"start":{"line":97,"column":6},"end":{"line":97,"column":null}},"31":{"start":{"line":103,"column":27},"end":{"line":105,"column":null}},"32":{"start":{"line":105,"column":21},"end":{"line":105,"column":68}},"33":{"start":{"line":105,"column":49},"end":{"line":105,"column":67}},"34":{"start":{"line":106,"column":4},"end":{"line":108,"column":null}},"35":{"start":{"line":107,"column":6},"end":{"line":107,"column":null}},"36":{"start":{"line":107,"column":37},"end":{"line":107,"column":null}},"37":{"start":{"line":110,"column":27},"end":{"line":110,"column":null}},"38":{"start":{"line":117,"column":21},"end":{"line":131,"column":null}},"39":{"start":{"line":121,"column":8},"end":{"line":129,"column":null}},"40":{"start":{"line":122,"column":26},"end":{"line":122,"column":null}},"41":{"start":{"line":123,"column":10},"end":{"line":128,"column":null}},"42":{"start":{"line":124,"column":29},"end":{"line":124,"column":null}},"43":{"start":{"line":127,"column":12},"end":{"line":127,"column":null}},"44":{"start":{"line":132,"column":4},"end":{"line":132,"column":null}},"45":{"start":{"line":139,"column":4},"end":{"line":145,"column":null}},"46":{"start":{"line":140,"column":22},"end":{"line":140,"column":null}},"47":{"start":{"line":141,"column":6},"end":{"line":144,"column":null}},"48":{"start":{"line":142,"column":25},"end":{"line":142,"column":null}},"49":{"start":{"line":143,"column":8},"end":{"line":143,"column":null}},"50":{"start":{"line":155,"column":29},"end":{"line":155,"column":null}},"51":{"start":{"line":156,"column":4},"end":{"line":160,"column":null}},"52":{"start":{"line":157,"column":6},"end":{"line":159,"column":null}},"53":{"start":{"line":158,"column":8},"end":{"line":158,"column":null}},"54":{"start":{"line":163,"column":28},"end":{"line":163,"column":null}},"55":{"start":{"line":163,"column":53},"end":{"line":163,"column":88}},"56":{"start":{"line":165,"column":21},"end":{"line":165,"column":null}},"57":{"start":{"line":166,"column":23},"end":{"line":166,"column":null}},"58":{"start":{"line":166,"column":45},"end":{"line":166,"column":null}},"59":{"start":{"line":168,"column":59},"end":{"line":222,"column":null}},"60":{"start":{"line":169,"column":36},"end":{"line":169,"column":null}},"61":{"start":{"line":170,"column":32},"end":{"line":170,"column":null}},"62":{"start":{"line":172,"column":25},"end":{"line":172,"column":null}},"63":{"start":{"line":173,"column":8},"end":{"line":173,"column":null}},"64":{"start":{"line":177,"column":28},"end":{"line":177,"column":null}},"65":{"start":{"line":178,"column":8},"end":{"line":188,"column":null}},"66":{"start":{"line":179,"column":31},"end":{"line":179,"column":null}},"67":{"start":{"line":180,"column":10},"end":{"line":186,"column":null}},"68":{"start":{"line":182,"column":14},"end":{"line":184,"column":null}},"69":{"start":{"line":185,"column":12},"end":{"line":185,"column":null}},"70":{"start":{"line":185,"column":31},"end":{"line":185,"column":null}},"71":{"start":{"line":187,"column":10},"end":{"line":187,"column":null}},"72":{"start":{"line":189,"column":24},"end":{"line":189,"column":null}},"73":{"start":{"line":190,"column":8},"end":{"line":190,"column":null}},"74":{"start":{"line":192,"column":34},"end":{"line":192,"column":null}},"75":{"start":{"line":195,"column":8},"end":{"line":195,"column":null}},"76":{"start":{"line":195,"column":44},"end":{"line":195,"column":null}},"77":{"start":{"line":196,"column":8},"end":{"line":196,"column":null}},"78":{"start":{"line":200,"column":28},"end":{"line":200,"column":null}},"79":{"start":{"line":201,"column":8},"end":{"line":216,"column":null}},"80":{"start":{"line":202,"column":31},"end":{"line":202,"column":null}},"81":{"start":{"line":203,"column":10},"end":{"line":214,"column":null}},"82":{"start":{"line":205,"column":14},"end":{"line":207,"column":null}},"83":{"start":{"line":208,"column":12},"end":{"line":213,"column":null}},"84":{"start":{"line":209,"column":14},"end":{"line":212,"column":null}},"85":{"start":{"line":215,"column":10},"end":{"line":215,"column":null}},"86":{"start":{"line":217,"column":8},"end":{"line":217,"column":null}},"87":{"start":{"line":228,"column":4},"end":{"line":228,"column":null}},"88":{"start":{"line":230,"column":24},"end":{"line":230,"column":null}},"89":{"start":{"line":231,"column":34},"end":{"line":231,"column":null}},"90":{"start":{"line":233,"column":4},"end":{"line":233,"column":null}},"91":{"start":{"line":235,"column":4},"end":{"line":240,"column":null}},"92":{"start":{"line":244,"column":10},"end":{"line":244,"column":null}},"93":{"start":{"line":245,"column":21},"end":{"line":245,"column":null}},"94":{"start":{"line":247,"column":17},"end":{"line":247,"column":null}},"95":{"start":{"line":248,"column":4},"end":{"line":251,"column":null}},"96":{"start":{"line":249,"column":6},"end":{"line":249,"column":null}},"97":{"start":{"line":250,"column":6},"end":{"line":250,"column":null}},"98":{"start":{"line":252,"column":4},"end":{"line":252,"column":null}},"99":{"start":{"line":256,"column":10},"end":{"line":256,"column":null}},"100":{"start":{"line":257,"column":4},"end":{"line":257,"column":null}},"101":{"start":{"line":266,"column":20},"end":{"line":266,"column":null}},"102":{"start":{"line":268,"column":4},"end":{"line":272,"column":null}},"103":{"start":{"line":269,"column":6},"end":{"line":271,"column":null}},"104":{"start":{"line":275,"column":6},"end":{"line":275,"column":null}},"105":{"start":{"line":277,"column":20},"end":{"line":277,"column":null}},"106":{"start":{"line":278,"column":4},"end":{"line":278,"column":null}},"107":{"start":{"line":281,"column":18},"end":{"line":281,"column":null}},"108":{"start":{"line":282,"column":4},"end":{"line":286,"column":null}},"109":{"start":{"line":283,"column":6},"end":{"line":285,"column":null}},"110":{"start":{"line":287,"column":14},"end":{"line":287,"column":null}},"111":{"start":{"line":288,"column":4},"end":{"line":290,"column":null}},"112":{"start":{"line":288,"column":17},"end":{"line":288,"column":20}},"113":{"start":{"line":289,"column":6},"end":{"line":289,"column":null}},"114":{"start":{"line":291,"column":4},"end":{"line":291,"column":null}},"115":{"start":{"line":293,"column":25},"end":{"line":293,"column":null}},"116":{"start":{"line":294,"column":4},"end":{"line":299,"column":null}},"117":{"start":{"line":295,"column":6},"end":{"line":298,"column":null}},"118":{"start":{"line":307,"column":91},"end":{"line":307,"column":null}},"119":{"start":{"line":308,"column":4},"end":{"line":343,"column":null}},"120":{"start":{"line":309,"column":26},"end":{"line":309,"column":null}},"121":{"start":{"line":310,"column":6},"end":{"line":314,"column":null}},"122":{"start":{"line":312,"column":8},"end":{"line":312,"column":null}},"123":{"start":{"line":313,"column":8},"end":{"line":313,"column":null}},"124":{"start":{"line":316,"column":27},"end":{"line":316,"column":null}},"125":{"start":{"line":317,"column":6},"end":{"line":321,"column":null}},"126":{"start":{"line":319,"column":8},"end":{"line":319,"column":null}},"127":{"start":{"line":320,"column":8},"end":{"line":320,"column":null}},"128":{"start":{"line":323,"column":28},"end":{"line":325,"column":null}},"129":{"start":{"line":326,"column":6},"end":{"line":329,"column":null}},"130":{"start":{"line":327,"column":8},"end":{"line":327,"column":null}},"131":{"start":{"line":328,"column":8},"end":{"line":328,"column":null}},"132":{"start":{"line":332,"column":21},"end":{"line":332,"column":null}},"133":{"start":{"line":333,"column":19},"end":{"line":333,"column":null}},"134":{"start":{"line":334,"column":19},"end":{"line":334,"column":null}},"135":{"start":{"line":335,"column":6},"end":{"line":341,"column":null}},"136":{"start":{"line":336,"column":31},"end":{"line":336,"column":null}},"137":{"start":{"line":337,"column":8},"end":{"line":340,"column":null}},"138":{"start":{"line":346,"column":21},"end":{"line":346,"column":null}},"139":{"start":{"line":348,"column":6},"end":{"line":348,"column":null}},"140":{"start":{"line":349,"column":20},"end":{"line":352,"column":null}},"141":{"start":{"line":355,"column":22},"end":{"line":358,"column":null}},"142":{"start":{"line":359,"column":4},"end":{"line":365,"column":null}},"143":{"start":{"line":360,"column":6},"end":{"line":360,"column":null}},"144":{"start":{"line":360,"column":40},"end":{"line":360,"column":null}},"145":{"start":{"line":361,"column":6},"end":{"line":364,"column":null}},"146":{"start":{"line":367,"column":36},"end":{"line":367,"column":null}},"147":{"start":{"line":368,"column":4},"end":{"line":374,"column":null}},"148":{"start":{"line":369,"column":23},"end":{"line":369,"column":null}},"149":{"start":{"line":370,"column":22},"end":{"line":370,"column":null}},"150":{"start":{"line":371,"column":6},"end":{"line":371,"column":null}},"151":{"start":{"line":372,"column":6},"end":{"line":372,"column":null}},"152":{"start":{"line":373,"column":6},"end":{"line":373,"column":null}},"153":{"start":{"line":376,"column":4},"end":{"line":381,"column":null}},"154":{"start":{"line":385,"column":19},"end":{"line":385,"column":null}},"155":{"start":{"line":386,"column":19},"end":{"line":386,"column":null}},"156":{"start":{"line":388,"column":4},"end":{"line":392,"column":null}},"157":{"start":{"line":389,"column":6},"end":{"line":391,"column":null}},"158":{"start":{"line":394,"column":64},"end":{"line":394,"column":null}},"159":{"start":{"line":396,"column":18},"end":{"line":396,"column":null}},"160":{"start":{"line":399,"column":36},"end":{"line":399,"column":null}},"161":{"start":{"line":400,"column":4},"end":{"line":412,"column":null}},"162":{"start":{"line":401,"column":6},"end":{"line":401,"column":null}},"163":{"start":{"line":401,"column":41},"end":{"line":401,"column":null}},"164":{"start":{"line":404,"column":6},"end":{"line":404,"column":null}},"165":{"start":{"line":404,"column":47},"end":{"line":404,"column":null}},"166":{"start":{"line":405,"column":23},"end":{"line":405,"column":null}},"167":{"start":{"line":406,"column":22},"end":{"line":406,"column":null}},"168":{"start":{"line":407,"column":6},"end":{"line":407,"column":null}},"169":{"start":{"line":408,"column":6},"end":{"line":408,"column":null}},"170":{"start":{"line":409,"column":6},"end":{"line":411,"column":null}},"171":{"start":{"line":410,"column":8},"end":{"line":410,"column":null}},"172":{"start":{"line":415,"column":20},"end":{"line":415,"column":null}},"173":{"start":{"line":416,"column":4},"end":{"line":418,"column":null}},"174":{"start":{"line":417,"column":6},"end":{"line":417,"column":null}},"175":{"start":{"line":419,"column":4},"end":{"line":419,"column":null}},"176":{"start":{"line":423,"column":4},"end":{"line":423,"column":null}},"177":{"start":{"line":425,"column":4},"end":{"line":427,"column":null}},"178":{"start":{"line":426,"column":6},"end":{"line":426,"column":null}},"179":{"start":{"line":431,"column":10},"end":{"line":431,"column":null}},"180":{"start":{"line":432,"column":23},"end":{"line":432,"column":null}},"181":{"start":{"line":433,"column":10},"end":{"line":433,"column":null}},"182":{"start":{"line":434,"column":4},"end":{"line":436,"column":null}},"183":{"start":{"line":435,"column":6},"end":{"line":435,"column":null}},"184":{"start":{"line":435,"column":38},"end":{"line":435,"column":null}},"185":{"start":{"line":438,"column":4},"end":{"line":438,"column":null}},"186":{"start":{"line":451,"column":17},"end":{"line":451,"column":null}},"187":{"start":{"line":451,"column":43},"end":{"line":451,"column":70}},"188":{"start":{"line":452,"column":15},"end":{"line":452,"column":null}},"189":{"start":{"line":453,"column":2},"end":{"line":458,"column":null}},"190":{"start":{"line":454,"column":4},"end":{"line":457,"column":null}},"191":{"start":{"line":459,"column":2},"end":{"line":459,"column":null}}},"fnMap":{"0":{"name":"(anonymous_0)","decl":{"start":{"line":38,"column":16},"end":{"line":38,"column":null}},"loc":{"start":{"line":41,"column":28},"end":{"line":241,"column":null}},"line":41},"1":{"name":"(anonymous_1)","decl":{"start":{"line":53,"column":21},"end":{"line":53,"column":22}},"loc":{"start":{"line":53,"column":63},"end":{"line":62,"column":null}},"line":53},"2":{"name":"(anonymous_2)","decl":{"start":{"line":84,"column":6},"end":{"line":84,"column":7}},"loc":{"start":{"line":84,"column":14},"end":{"line":84,"column":null}},"line":84},"3":{"name":"(anonymous_3)","decl":{"start":{"line":105,"column":14},"end":{"line":105,"column":15}},"loc":{"start":{"line":105,"column":21},"end":{"line":105,"column":68}},"line":105},"4":{"name":"(anonymous_4)","decl":{"start":{"line":105,"column":40},"end":{"line":105,"column":41}},"loc":{"start":{"line":105,"column":49},"end":{"line":105,"column":67}},"line":105},"5":{"name":"(anonymous_5)","decl":{"start":{"line":120,"column":6},"end":{"line":120,"column":7}},"loc":{"start":{"line":120,"column":47},"end":{"line":130,"column":null}},"line":120},"6":{"name":"(anonymous_6)","decl":{"start":{"line":163,"column":45},"end":{"line":163,"column":46}},"loc":{"start":{"line":163,"column":53},"end":{"line":163,"column":88}},"line":163},"7":{"name":"(anonymous_7)","decl":{"start":{"line":166,"column":23},"end":{"line":166,"column":24}},"loc":{"start":{"line":166,"column":45},"end":{"line":166,"column":null}},"line":166},"8":{"name":"(anonymous_8)","decl":{"start":{"line":169,"column":30},"end":{"line":169,"column":36}},"loc":{"start":{"line":169,"column":36},"end":{"line":169,"column":null}},"line":169},"9":{"name":"(anonymous_9)","decl":{"start":{"line":170,"column":26},"end":{"line":170,"column":32}},"loc":{"start":{"line":170,"column":32},"end":{"line":170,"column":null}},"line":170},"10":{"name":"(anonymous_10)","decl":{"start":{"line":171,"column":24},"end":{"line":171,"column":25}},"loc":{"start":{"line":171,"column":38},"end":{"line":174,"column":null}},"line":171},"11":{"name":"(anonymous_11)","decl":{"start":{"line":175,"column":25},"end":{"line":175,"column":26}},"loc":{"start":{"line":175,"column":39},"end":{"line":191,"column":null}},"line":175},"12":{"name":"(anonymous_12)","decl":{"start":{"line":192,"column":27},"end":{"line":192,"column":34}},"loc":{"start":{"line":192,"column":34},"end":{"line":192,"column":null}},"line":192},"13":{"name":"(anonymous_13)","decl":{"start":{"line":194,"column":18},"end":{"line":194,"column":19}},"loc":{"start":{"line":194,"column":32},"end":{"line":197,"column":null}},"line":194},"14":{"name":"(anonymous_14)","decl":{"start":{"line":198,"column":16},"end":{"line":198,"column":17}},"loc":{"start":{"line":198,"column":30},"end":{"line":218,"column":null}},"line":198},"15":{"name":"(anonymous_15)","decl":{"start":{"line":243,"column":16},"end":{"line":243,"column":27}},"loc":{"start":{"line":243,"column":69},"end":{"line":253,"column":null}},"line":243},"16":{"name":"(anonymous_16)","decl":{"start":{"line":255,"column":10},"end":{"line":255,"column":28}},"loc":{"start":{"line":255,"column":52},"end":{"line":258,"column":null}},"line":255},"17":{"name":"(anonymous_17)","decl":{"start":{"line":260,"column":8},"end":{"line":260,"column":null}},"loc":{"start":{"line":265,"column":27},"end":{"line":382,"column":null}},"line":265},"18":{"name":"(anonymous_18)","decl":{"start":{"line":384,"column":8},"end":{"line":384,"column":17}},"loc":{"start":{"line":384,"column":72},"end":{"line":439,"column":null}},"line":384},"19":{"name":"applyTextEdits","decl":{"start":{"line":446,"column":9},"end":{"line":446,"column":null}},"loc":{"start":{"line":449,"column":10},"end":{"line":460,"column":null}},"line":449},"20":{"name":"(anonymous_20)","decl":{"start":{"line":451,"column":33},"end":{"line":451,"column":34}},"loc":{"start":{"line":451,"column":43},"end":{"line":451,"column":70}},"line":451}},"branchMap":{"0":{"loc":{"start":{"line":54,"column":6},"end":{"line":54,"column":null}},"type":"if","locations":[{"start":{"line":54,"column":6},"end":{"line":54,"column":null}},{"start":{},"end":{}}],"line":54},"1":{"loc":{"start":{"line":66,"column":4},"end":{"line":76,"column":null}},"type":"if","locations":[{"start":{"line":66,"column":4},"end":{"line":76,"column":null}},{"start":{},"end":{}}],"line":66},"2":{"loc":{"start":{"line":68,"column":6},"end":{"line":75,"column":null}},"type":"if","locations":[{"start":{"line":68,"column":6},"end":{"line":75,"column":null}},{"start":{},"end":{}}],"line":68},"3":{"loc":{"start":{"line":89,"column":24},"end":{"line":89,"column":null}},"type":"cond-expr","locations":[{"start":{"line":89,"column":39},"end":{"line":89,"column":68}},{"start":{"line":89,"column":68},"end":{"line":89,"column":null}}],"line":89},"4":{"loc":{"start":{"line":90,"column":4},"end":{"line":98,"column":null}},"type":"if","locations":[{"start":{"line":90,"column":4},"end":{"line":98,"column":null}},{"start":{"line":96,"column":11},"end":{"line":98,"column":null}}],"line":90},"5":{"loc":{"start":{"line":92,"column":6},"end":{"line":95,"column":null}},"type":"if","locations":[{"start":{"line":92,"column":6},"end":{"line":95,"column":null}},{"start":{},"end":{}}],"line":92},"6":{"loc":{"start":{"line":107,"column":6},"end":{"line":107,"column":null}},"type":"if","locations":[{"start":{"line":107,"column":6},"end":{"line":107,"column":null}},{"start":{},"end":{}}],"line":107},"7":{"loc":{"start":{"line":121,"column":8},"end":{"line":129,"column":null}},"type":"if","locations":[{"start":{"line":121,"column":8},"end":{"line":129,"column":null}},{"start":{},"end":{}}],"line":121},"8":{"loc":{"start":{"line":123,"column":10},"end":{"line":128,"column":null}},"type":"if","locations":[{"start":{"line":123,"column":10},"end":{"line":128,"column":null}},{"start":{},"end":{}}],"line":123},"9":{"loc":{"start":{"line":127,"column":50},"end":{"line":127,"column":92}},"type":"cond-expr","locations":[{"start":{"line":127,"column":72},"end":{"line":127,"column":80}},{"start":{"line":127,"column":80},"end":{"line":127,"column":92}}],"line":127},"10":{"loc":{"start":{"line":141,"column":6},"end":{"line":144,"column":null}},"type":"if","locations":[{"start":{"line":141,"column":6},"end":{"line":144,"column":null}},{"start":{},"end":{}}],"line":141},"11":{"loc":{"start":{"line":143,"column":47},"end":{"line":143,"column":93}},"type":"cond-expr","locations":[{"start":{"line":143,"column":73},"end":{"line":143,"column":81}},{"start":{"line":143,"column":81},"end":{"line":143,"column":93}}],"line":143},"12":{"loc":{"start":{"line":157,"column":6},"end":{"line":159,"column":null}},"type":"if","locations":[{"start":{"line":157,"column":6},"end":{"line":159,"column":null}},{"start":{},"end":{}}],"line":157},"13":{"loc":{"start":{"line":163,"column":53},"end":{"line":163,"column":88}},"type":"cond-expr","locations":[{"start":{"line":163,"column":74},"end":{"line":163,"column":86}},{"start":{"line":163,"column":86},"end":{"line":163,"column":88}}],"line":163},"14":{"loc":{"start":{"line":166,"column":52},"end":{"line":166,"column":79}},"type":"binary-expr","locations":[{"start":{"line":166,"column":52},"end":{"line":166,"column":78}},{"start":{"line":166,"column":78},"end":{"line":166,"column":79}}],"line":166},"15":{"loc":{"start":{"line":172,"column":25},"end":{"line":172,"column":null}},"type":"binary-expr","locations":[{"start":{"line":172,"column":25},"end":{"line":172,"column":59}},{"start":{"line":172,"column":59},"end":{"line":172,"column":null}}],"line":172},"16":{"loc":{"start":{"line":178,"column":8},"end":{"line":188,"column":null}},"type":"if","locations":[{"start":{"line":178,"column":8},"end":{"line":188,"column":null}},{"start":{},"end":{}}],"line":178},"17":{"loc":{"start":{"line":180,"column":10},"end":{"line":186,"column":null}},"type":"if","locations":[{"start":{"line":180,"column":10},"end":{"line":186,"column":null}},{"start":{},"end":{}}],"line":180},"18":{"loc":{"start":{"line":185,"column":12},"end":{"line":185,"column":null}},"type":"if","locations":[{"start":{"line":185,"column":12},"end":{"line":185,"column":null}},{"start":{},"end":{}}],"line":185},"19":{"loc":{"start":{"line":190,"column":15},"end":{"line":190,"column":null}},"type":"cond-expr","locations":[{"start":{"line":190,"column":39},"end":{"line":190,"column":79}},{"start":{"line":190,"column":79},"end":{"line":190,"column":null}}],"line":190},"20":{"loc":{"start":{"line":192,"column":34},"end":{"line":192,"column":null}},"type":"cond-expr","locations":[{"start":{"line":192,"column":49},"end":{"line":192,"column":78}},{"start":{"line":192,"column":78},"end":{"line":192,"column":null}}],"line":192},"21":{"loc":{"start":{"line":195,"column":8},"end":{"line":195,"column":null}},"type":"if","locations":[{"start":{"line":195,"column":8},"end":{"line":195,"column":null}},{"start":{},"end":{}}],"line":195},"22":{"loc":{"start":{"line":201,"column":8},"end":{"line":216,"column":null}},"type":"if","locations":[{"start":{"line":201,"column":8},"end":{"line":216,"column":null}},{"start":{},"end":{}}],"line":201},"23":{"loc":{"start":{"line":203,"column":10},"end":{"line":214,"column":null}},"type":"if","locations":[{"start":{"line":203,"column":10},"end":{"line":214,"column":null}},{"start":{},"end":{}}],"line":203},"24":{"loc":{"start":{"line":208,"column":12},"end":{"line":213,"column":null}},"type":"if","locations":[{"start":{"line":208,"column":12},"end":{"line":213,"column":null}},{"start":{},"end":{}}],"line":208},"25":{"loc":{"start":{"line":245,"column":21},"end":{"line":245,"column":null}},"type":"binary-expr","locations":[{"start":{"line":245,"column":21},"end":{"line":245,"column":37}},{"start":{"line":245,"column":37},"end":{"line":245,"column":null}}],"line":245},"26":{"loc":{"start":{"line":248,"column":4},"end":{"line":251,"column":null}},"type":"if","locations":[{"start":{"line":248,"column":4},"end":{"line":251,"column":null}},{"start":{},"end":{}}],"line":248},"27":{"loc":{"start":{"line":257,"column":25},"end":{"line":257,"column":84}},"type":"binary-expr","locations":[{"start":{"line":257,"column":25},"end":{"line":257,"column":41}},{"start":{"line":257,"column":41},"end":{"line":257,"column":84}}],"line":257},"28":{"loc":{"start":{"line":268,"column":4},"end":{"line":272,"column":null}},"type":"if","locations":[{"start":{"line":268,"column":4},"end":{"line":272,"column":null}},{"start":{},"end":{}}],"line":268},"29":{"loc":{"start":{"line":282,"column":4},"end":{"line":286,"column":null}},"type":"if","locations":[{"start":{"line":282,"column":4},"end":{"line":286,"column":null}},{"start":{},"end":{}}],"line":282},"30":{"loc":{"start":{"line":294,"column":4},"end":{"line":299,"column":null}},"type":"if","locations":[{"start":{"line":294,"column":4},"end":{"line":299,"column":null}},{"start":{},"end":{}}],"line":294},"31":{"loc":{"start":{"line":294,"column":8},"end":{"line":294,"column":52}},"type":"binary-expr","locations":[{"start":{"line":294,"column":8},"end":{"line":294,"column":25}},{"start":{"line":294,"column":25},"end":{"line":294,"column":52}}],"line":294},"32":{"loc":{"start":{"line":310,"column":6},"end":{"line":314,"column":null}},"type":"if","locations":[{"start":{"line":310,"column":6},"end":{"line":314,"column":null}},{"start":{},"end":{}}],"line":310},"33":{"loc":{"start":{"line":317,"column":6},"end":{"line":321,"column":null}},"type":"if","locations":[{"start":{"line":317,"column":6},"end":{"line":321,"column":null}},{"start":{},"end":{}}],"line":317},"34":{"loc":{"start":{"line":326,"column":6},"end":{"line":329,"column":null}},"type":"if","locations":[{"start":{"line":326,"column":6},"end":{"line":329,"column":null}},{"start":{},"end":{}}],"line":326},"35":{"loc":{"start":{"line":335,"column":6},"end":{"line":341,"column":null}},"type":"if","locations":[{"start":{"line":335,"column":6},"end":{"line":341,"column":null}},{"start":{},"end":{}}],"line":335},"36":{"loc":{"start":{"line":348,"column":6},"end":{"line":348,"column":null}},"type":"binary-expr","locations":[{"start":{"line":348,"column":6},"end":{"line":348,"column":45}},{"start":{"line":348,"column":45},"end":{"line":348,"column":null}}],"line":348},"37":{"loc":{"start":{"line":360,"column":6},"end":{"line":360,"column":null}},"type":"if","locations":[{"start":{"line":360,"column":6},"end":{"line":360,"column":null}},{"start":{},"end":{}}],"line":360},"38":{"loc":{"start":{"line":369,"column":23},"end":{"line":369,"column":null}},"type":"binary-expr","locations":[{"start":{"line":369,"column":23},"end":{"line":369,"column":53}},{"start":{"line":369,"column":53},"end":{"line":369,"column":null}}],"line":369},"39":{"loc":{"start":{"line":388,"column":4},"end":{"line":392,"column":null}},"type":"if","locations":[{"start":{"line":388,"column":4},"end":{"line":392,"column":null}},{"start":{},"end":{}}],"line":388},"40":{"loc":{"start":{"line":401,"column":6},"end":{"line":401,"column":null}},"type":"if","locations":[{"start":{"line":401,"column":6},"end":{"line":401,"column":null}},{"start":{},"end":{}}],"line":401},"41":{"loc":{"start":{"line":404,"column":6},"end":{"line":404,"column":null}},"type":"if","locations":[{"start":{"line":404,"column":6},"end":{"line":404,"column":null}},{"start":{},"end":{}}],"line":404},"42":{"loc":{"start":{"line":405,"column":23},"end":{"line":405,"column":null}},"type":"binary-expr","locations":[{"start":{"line":405,"column":23},"end":{"line":405,"column":58}},{"start":{"line":405,"column":58},"end":{"line":405,"column":null}}],"line":405},"43":{"loc":{"start":{"line":409,"column":6},"end":{"line":411,"column":null}},"type":"if","locations":[{"start":{"line":409,"column":6},"end":{"line":411,"column":null}},{"start":{},"end":{}}],"line":409},"44":{"loc":{"start":{"line":416,"column":4},"end":{"line":418,"column":null}},"type":"if","locations":[{"start":{"line":416,"column":4},"end":{"line":418,"column":null}},{"start":{},"end":{}}],"line":416},"45":{"loc":{"start":{"line":425,"column":4},"end":{"line":427,"column":null}},"type":"if","locations":[{"start":{"line":425,"column":4},"end":{"line":427,"column":null}},{"start":{},"end":{}}],"line":425},"46":{"loc":{"start":{"line":432,"column":23},"end":{"line":432,"column":null}},"type":"cond-expr","locations":[{"start":{"line":432,"column":38},"end":{"line":432,"column":67}},{"start":{"line":432,"column":67},"end":{"line":432,"column":null}}],"line":432},"47":{"loc":{"start":{"line":435,"column":6},"end":{"line":435,"column":null}},"type":"if","locations":[{"start":{"line":435,"column":6},"end":{"line":435,"column":null}},{"start":{},"end":{}}],"line":435}},"s":{"0":7,"1":6,"2":6,"3":6,"4":6,"5":6,"6":6,"7":1101,"8":550,"9":551,"10":551,"11":551,"12":551,"13":6,"14":6,"15":6,"16":6,"17":6,"18":6,"19":6,"20":6,"21":6,"22":545,"23":6,"24":6,"25":6,"26":6,"27":6,"28":6,"29":6,"30":0,"31":6,"32":7,"33":34,"34":6,"35":6,"36":6,"37":6,"38":6,"39":600,"40":545,"41":545,"42":539,"43":539,"44":6,"45":6,"46":17,"47":17,"48":17,"49":17,"50":6,"51":6,"52":17,"53":6,"54":6,"55":17,"56":6,"57":6,"58":99642,"59":6,"60":1634,"61":1089,"62":99642,"63":99642,"64":545,"65":545,"66":6,"67":6,"68":6,"69":6,"70":6,"71":0,"72":539,"73":539,"74":39,"75":330,"76":0,"77":330,"78":12,"79":12,"80":0,"81":0,"82":0,"83":0,"84":0,"85":0,"86":12,"87":6,"88":6,"89":6,"90":6,"91":6,"92":6,"93":6,"94":6,"95":6,"96":6,"97":6,"98":6,"99":3,"100":3,"101":4,"102":4,"103":1,"104":3,"105":3,"106":3,"107":3,"108":3,"109":0,"110":3,"111":3,"112":3,"113":0,"114":3,"115":3,"116":3,"117":0,"118":3,"119":3,"120":13,"121":13,"122":7,"123":7,"124":6,"125":6,"126":0,"127":0,"128":6,"129":13,"130":0,"131":0,"132":6,"133":6,"134":6,"135":6,"136":6,"137":6,"138":3,"139":3,"140":4,"141":4,"142":4,"143":13,"144":8,"145":13,"146":3,"147":3,"148":8,"149":8,"150":8,"151":8,"152":8,"153":3,"154":4,"155":4,"156":4,"157":1,"158":3,"159":3,"160":3,"161":3,"162":6,"163":0,"164":6,"165":3,"166":3,"167":6,"168":6,"169":6,"170":6,"171":3,"172":3,"173":3,"174":2,"175":3,"176":3,"177":3,"178":3,"179":3,"180":3,"181":4,"182":4,"183":3,"184":3,"185":3,"186":11,"187":5,"188":11,"189":11,"190":16,"191":11},"f":{"0":6,"1":1101,"2":545,"3":7,"4":34,"5":600,"6":17,"7":99642,"8":1634,"9":1089,"10":99642,"11":545,"12":39,"13":330,"14":12,"15":6,"16":3,"17":4,"18":4,"19":11,"20":5},"b":{"0":[550,551],"1":[6,0],"2":[6,0],"3":[6,0],"4":[6,0],"5":[6,0],"6":[6,0],"7":[545,55],"8":[539,6],"9":[0,539],"10":[17,0],"11":[6,11],"12":[6,11],"13":[6,11],"14":[99642,99642],"15":[99642,98547],"16":[6,539],"17":[6,0],"18":[6,0],"19":[539,0],"20":[39,0],"21":[0,330],"22":[0,12],"23":[0,0],"24":[0,0],"25":[6,0],"26":[6,0],"27":[3,0],"28":[1,3],"29":[0,3],"30":[0,3],"31":[3,3],"32":[7,6],"33":[0,6],"34":[0,13],"35":[6,0],"36":[3,0],"37":[8,5],"38":[8,0],"39":[1,3],"40":[0,6],"41":[3,3],"42":[3,0],"43":[3,3],"44":[2,1],"45":[3,0],"46":[3,0],"47":[3,0]},"meta":{"lastBranch":48,"lastFunction":21,"lastStatement":192,"seen":{"s:36:21:36:Infinity":0,"f:38:16:38:Infinity":0,"s:42:15:42:Infinity":1,"s:43:67:45:Infinity":2,"s:46:72:48:Infinity":3,"s:49:31:49:Infinity":4,"s:51:25:51:Infinity":5,"s:53:21:62:Infinity":6,"f:53:21:53:22":1,"b:54:6:54:Infinity:undefined:undefined:undefined:undefined":0,"s:54:6:54:Infinity":7,"s:54:38:54:Infinity":8,"s:55:6:61:Infinity":9,"s:56:24:56:Infinity":10,"s:57:8:57:Infinity":11,"s:58:8:58:Infinity":12,"s:60:8:60:Infinity":13,"s:64:64:64:Infinity":14,"b:66:4:76:Infinity:undefined:undefined:undefined:undefined":1,"s:66:4:76:Infinity":15,"s:67:21:67:Infinity":16,"b:68:6:75:Infinity:undefined:undefined:undefined:undefined":2,"s:68:6:75:Infinity":17,"s:69:23:73:Infinity":18,"s:74:8:74:Infinity":19,"s:78:31:78:Infinity":20,"s:80:22:85:Infinity":21,"f:84:6:84:7":2,"s:84:14:84:Infinity":22,"s:88:35:88:Infinity":23,"s:89:24:89:Infinity":24,"b:89:39:89:68:89:68:89:Infinity":3,"b:90:4:98:Infinity:96:11:98:Infinity":4,"s:90:4:98:Infinity":25,"s:91:21:91:Infinity":26,"b:92:6:95:Infinity:undefined:undefined:undefined:undefined":5,"s:92:6:95:Infinity":27,"s:93:23:93:Infinity":28,"s:94:8:94:Infinity":29,"s:97:6:97:Infinity":30,"s:103:27:105:Infinity":31,"f:105:14:105:15":3,"s:105:21:105:68":32,"f:105:40:105:41":4,"s:105:49:105:67":33,"s:106:4:108:Infinity":34,"b:107:6:107:Infinity:undefined:undefined:undefined:undefined":6,"s:107:6:107:Infinity":35,"s:107:37:107:Infinity":36,"s:110:27:110:Infinity":37,"s:117:21:131:Infinity":38,"f:120:6:120:7":5,"b:121:8:129:Infinity:undefined:undefined:undefined:undefined":7,"s:121:8:129:Infinity":39,"s:122:26:122:Infinity":40,"b:123:10:128:Infinity:undefined:undefined:undefined:undefined":8,"s:123:10:128:Infinity":41,"s:124:29:124:Infinity":42,"s:127:12:127:Infinity":43,"b:127:72:127:80:127:80:127:92":9,"s:132:4:132:Infinity":44,"s:139:4:145:Infinity":45,"s:140:22:140:Infinity":46,"b:141:6:144:Infinity:undefined:undefined:undefined:undefined":10,"s:141:6:144:Infinity":47,"s:142:25:142:Infinity":48,"s:143:8:143:Infinity":49,"b:143:73:143:81:143:81:143:93":11,"s:155:29:155:Infinity":50,"s:156:4:160:Infinity":51,"b:157:6:159:Infinity:undefined:undefined:undefined:undefined":12,"s:157:6:159:Infinity":52,"s:158:8:158:Infinity":53,"s:163:28:163:Infinity":54,"f:163:45:163:46":6,"s:163:53:163:88":55,"b:163:74:163:86:163:86:163:88":13,"s:165:21:165:Infinity":56,"s:166:23:166:Infinity":57,"f:166:23:166:24":7,"s:166:45:166:Infinity":58,"b:166:52:166:78:166:78:166:79":14,"s:168:59:222:Infinity":59,"f:169:30:169:36":8,"s:169:36:169:Infinity":60,"f:170:26:170:32":9,"s:170:32:170:Infinity":61,"f:171:24:171:25":10,"s:172:25:172:Infinity":62,"b:172:25:172:59:172:59:172:Infinity":15,"s:173:8:173:Infinity":63,"f:175:25:175:26":11,"s:177:28:177:Infinity":64,"b:178:8:188:Infinity:undefined:undefined:undefined:undefined":16,"s:178:8:188:Infinity":65,"s:179:31:179:Infinity":66,"b:180:10:186:Infinity:undefined:undefined:undefined:undefined":17,"s:180:10:186:Infinity":67,"s:182:14:184:Infinity":68,"b:185:12:185:Infinity:undefined:undefined:undefined:undefined":18,"s:185:12:185:Infinity":69,"s:185:31:185:Infinity":70,"s:187:10:187:Infinity":71,"s:189:24:189:Infinity":72,"s:190:8:190:Infinity":73,"b:190:39:190:79:190:79:190:Infinity":19,"f:192:27:192:34":12,"s:192:34:192:Infinity":74,"b:192:49:192:78:192:78:192:Infinity":20,"f:194:18:194:19":13,"b:195:8:195:Infinity:undefined:undefined:undefined:undefined":21,"s:195:8:195:Infinity":75,"s:195:44:195:Infinity":76,"s:196:8:196:Infinity":77,"f:198:16:198:17":14,"s:200:28:200:Infinity":78,"b:201:8:216:Infinity:undefined:undefined:undefined:undefined":22,"s:201:8:216:Infinity":79,"s:202:31:202:Infinity":80,"b:203:10:214:Infinity:undefined:undefined:undefined:undefined":23,"s:203:10:214:Infinity":81,"s:205:14:207:Infinity":82,"b:208:12:213:Infinity:undefined:undefined:undefined:undefined":24,"s:208:12:213:Infinity":83,"s:209:14:212:Infinity":84,"s:215:10:215:Infinity":85,"s:217:8:217:Infinity":86,"s:228:4:228:Infinity":87,"s:230:24:230:Infinity":88,"s:231:34:231:Infinity":89,"s:233:4:233:Infinity":90,"s:235:4:240:Infinity":91,"f:243:16:243:27":15,"s:244:10:244:Infinity":92,"s:245:21:245:Infinity":93,"b:245:21:245:37:245:37:245:Infinity":25,"s:247:17:247:Infinity":94,"b:248:4:251:Infinity:undefined:undefined:undefined:undefined":26,"s:248:4:251:Infinity":95,"s:249:6:249:Infinity":96,"s:250:6:250:Infinity":97,"s:252:4:252:Infinity":98,"f:255:10:255:28":16,"s:256:10:256:Infinity":99,"s:257:4:257:Infinity":100,"b:257:25:257:41:257:41:257:84":27,"f:260:8:260:Infinity":17,"s:266:20:266:Infinity":101,"b:268:4:272:Infinity:undefined:undefined:undefined:undefined":28,"s:268:4:272:Infinity":102,"s:269:6:271:Infinity":103,"s:275:6:275:Infinity":104,"s:277:20:277:Infinity":105,"s:278:4:278:Infinity":106,"s:281:18:281:Infinity":107,"b:282:4:286:Infinity:undefined:undefined:undefined:undefined":29,"s:282:4:286:Infinity":108,"s:283:6:285:Infinity":109,"s:287:14:287:Infinity":110,"s:288:4:290:Infinity":111,"s:288:17:288:20":112,"s:289:6:289:Infinity":113,"s:291:4:291:Infinity":114,"s:293:25:293:Infinity":115,"b:294:4:299:Infinity:undefined:undefined:undefined:undefined":30,"s:294:4:299:Infinity":116,"b:294:8:294:25:294:25:294:52":31,"s:295:6:298:Infinity":117,"s:307:91:307:Infinity":118,"s:308:4:343:Infinity":119,"s:309:26:309:Infinity":120,"b:310:6:314:Infinity:undefined:undefined:undefined:undefined":32,"s:310:6:314:Infinity":121,"s:312:8:312:Infinity":122,"s:313:8:313:Infinity":123,"s:316:27:316:Infinity":124,"b:317:6:321:Infinity:undefined:undefined:undefined:undefined":33,"s:317:6:321:Infinity":125,"s:319:8:319:Infinity":126,"s:320:8:320:Infinity":127,"s:323:28:325:Infinity":128,"b:326:6:329:Infinity:undefined:undefined:undefined:undefined":34,"s:326:6:329:Infinity":129,"s:327:8:327:Infinity":130,"s:328:8:328:Infinity":131,"s:332:21:332:Infinity":132,"s:333:19:333:Infinity":133,"s:334:19:334:Infinity":134,"b:335:6:341:Infinity:undefined:undefined:undefined:undefined":35,"s:335:6:341:Infinity":135,"s:336:31:336:Infinity":136,"s:337:8:340:Infinity":137,"s:346:21:346:Infinity":138,"s:348:6:348:Infinity":139,"b:348:6:348:45:348:45:348:Infinity":36,"s:349:20:352:Infinity":140,"s:355:22:358:Infinity":141,"s:359:4:365:Infinity":142,"b:360:6:360:Infinity:undefined:undefined:undefined:undefined":37,"s:360:6:360:Infinity":143,"s:360:40:360:Infinity":144,"s:361:6:364:Infinity":145,"s:367:36:367:Infinity":146,"s:368:4:374:Infinity":147,"s:369:23:369:Infinity":148,"b:369:23:369:53:369:53:369:Infinity":38,"s:370:22:370:Infinity":149,"s:371:6:371:Infinity":150,"s:372:6:372:Infinity":151,"s:373:6:373:Infinity":152,"s:376:4:381:Infinity":153,"f:384:8:384:17":18,"s:385:19:385:Infinity":154,"s:386:19:386:Infinity":155,"b:388:4:392:Infinity:undefined:undefined:undefined:undefined":39,"s:388:4:392:Infinity":156,"s:389:6:391:Infinity":157,"s:394:64:394:Infinity":158,"s:396:18:396:Infinity":159,"s:399:36:399:Infinity":160,"s:400:4:412:Infinity":161,"b:401:6:401:Infinity:undefined:undefined:undefined:undefined":40,"s:401:6:401:Infinity":162,"s:401:41:401:Infinity":163,"b:404:6:404:Infinity:undefined:undefined:undefined:undefined":41,"s:404:6:404:Infinity":164,"s:404:47:404:Infinity":165,"s:405:23:405:Infinity":166,"b:405:23:405:58:405:58:405:Infinity":42,"s:406:22:406:Infinity":167,"s:407:6:407:Infinity":168,"s:408:6:408:Infinity":169,"b:409:6:411:Infinity:undefined:undefined:undefined:undefined":43,"s:409:6:411:Infinity":170,"s:410:8:410:Infinity":171,"s:415:20:415:Infinity":172,"b:416:4:418:Infinity:undefined:undefined:undefined:undefined":44,"s:416:4:418:Infinity":173,"s:417:6:417:Infinity":174,"s:419:4:419:Infinity":175,"s:423:4:423:Infinity":176,"b:425:4:427:Infinity:undefined:undefined:undefined:undefined":45,"s:425:4:427:Infinity":177,"s:426:6:426:Infinity":178,"s:431:10:431:Infinity":179,"s:432:23:432:Infinity":180,"b:432:38:432:67:432:67:432:Infinity":46,"s:433:10:433:Infinity":181,"s:434:4:436:Infinity":182,"b:435:6:435:Infinity:undefined:undefined:undefined:undefined":47,"s:435:6:435:Infinity":183,"s:435:38:435:Infinity":184,"s:438:4:438:Infinity":185,"f:446:9:446:Infinity":19,"s:451:17:451:Infinity":186,"f:451:33:451:34":20,"s:451:43:451:70":187,"s:452:15:452:Infinity":188,"s:453:2:458:Infinity":189,"s:454:4:457:Infinity":190,"s:459:2:459:Infinity":191}}}
,"/workspaces/light-bridge/tests/helpers.ts": {"path":"/workspaces/light-bridge/tests/helpers.ts","statementMap":{"0":{"start":{"line":8,"column":6},"end":{"line":8,"column":null}},"1":{"start":{"line":9,"column":21},"end":{"line":9,"column":null}},"2":{"start":{"line":10,"column":16},"end":{"line":10,"column":null}},"3":{"start":{"line":11,"column":18},"end":{"line":11,"column":null}},"4":{"start":{"line":32,"column":14},"end":{"line":32,"column":null}},"5":{"start":{"line":33,"column":15},"end":{"line":33,"column":null}},"6":{"start":{"line":34,"column":2},"end":{"line":34,"column":null}},"7":{"start":{"line":35,"column":2},"end":{"line":35,"column":null}},"8":{"start":{"line":39,"column":2},"end":{"line":39,"column":null}},"9":{"start":{"line":40,"column":2},"end":{"line":44,"column":null}},"10":{"start":{"line":41,"column":14},"end":{"line":41,"column":null}},"11":{"start":{"line":42,"column":14},"end":{"line":42,"column":null}},"12":{"start":{"line":43,"column":4},"end":{"line":43,"column":null}},"13":{"start":{"line":54,"column":23},"end":{"line":56,"column":null}},"14":{"start":{"line":55,"column":4},"end":{"line":55,"column":null}},"15":{"start":{"line":58,"column":8},"end":{"line":61,"column":null}},"16":{"start":{"line":63,"column":17},"end":{"line":63,"column":null}},"17":{"start":{"line":65,"column":2},"end":{"line":67,"column":null}},"18":{"start":{"line":66,"column":4},"end":{"line":66,"column":null}},"19":{"start":{"line":69,"column":2},"end":{"line":73,"column":null}},"20":{"start":{"line":70,"column":4},"end":{"line":70,"column":null}},"21":{"start":{"line":72,"column":4},"end":{"line":72,"column":null}},"22":{"start":{"line":78,"column":2},"end":{"line":78,"column":null}},"23":{"start":{"line":83,"column":2},"end":{"line":83,"column":null}},"24":{"start":{"line":88,"column":2},"end":{"line":88,"column":null}},"25":{"start":{"line":100,"column":52},"end":{"line":100,"column":null}},"26":{"start":{"line":101,"column":2},"end":{"line":134,"column":null}},"27":{"start":{"line":102,"column":10},"end":{"line":105,"column":null}},"28":{"start":{"line":107,"column":20},"end":{"line":107,"column":null}},"29":{"start":{"line":109,"column":18},"end":{"line":112,"column":null}},"30":{"start":{"line":110,"column":6},"end":{"line":110,"column":null}},"31":{"start":{"line":111,"column":6},"end":{"line":111,"column":null}},"32":{"start":{"line":115,"column":4},"end":{"line":128,"column":null}},"33":{"start":{"line":116,"column":6},"end":{"line":116,"column":null}},"34":{"start":{"line":117,"column":6},"end":{"line":127,"column":null}},"35":{"start":{"line":118,"column":8},"end":{"line":126,"column":null}},"36":{"start":{"line":119,"column":22},"end":{"line":119,"column":null}},"37":{"start":{"line":120,"column":10},"end":{"line":123,"column":null}},"38":{"start":{"line":121,"column":12},"end":{"line":121,"column":null}},"39":{"start":{"line":122,"column":12},"end":{"line":122,"column":null}},"40":{"start":{"line":130,"column":4},"end":{"line":133,"column":null}},"41":{"start":{"line":131,"column":6},"end":{"line":131,"column":null}},"42":{"start":{"line":132,"column":6},"end":{"line":132,"column":null}},"43":{"start":{"line":144,"column":2},"end":{"line":157,"column":null}},"44":{"start":{"line":145,"column":21},"end":{"line":145,"column":null}},"45":{"start":{"line":146,"column":10},"end":{"line":146,"column":null}},"46":{"start":{"line":147,"column":17},"end":{"line":155,"column":null}},"47":{"start":{"line":148,"column":6},"end":{"line":154,"column":null}},"48":{"start":{"line":149,"column":8},"end":{"line":149,"column":null}},"49":{"start":{"line":150,"column":6},"end":{"line":154,"column":null}},"50":{"start":{"line":151,"column":8},"end":{"line":151,"column":null}},"51":{"start":{"line":153,"column":8},"end":{"line":153,"column":null}},"52":{"start":{"line":156,"column":4},"end":{"line":156,"column":null}},"53":{"start":{"line":166,"column":8},"end":{"line":166,"column":null}},"54":{"start":{"line":167,"column":2},"end":{"line":178,"column":null}},"55":{"start":{"line":168,"column":16},"end":{"line":168,"column":null}},"56":{"start":{"line":169,"column":4},"end":{"line":175,"column":null}},"57":{"start":{"line":170,"column":6},"end":{"line":174,"column":null}},"58":{"start":{"line":171,"column":8},"end":{"line":171,"column":null}},"59":{"start":{"line":187,"column":16},"end":{"line":187,"column":null}},"60":{"start":{"line":188,"column":67},"end":{"line":188,"column":null}},"61":{"start":{"line":190,"column":22},"end":{"line":190,"column":42}},"62":{"start":{"line":191,"column":4},"end":{"line":194,"column":null}},"63":{"start":{"line":192,"column":6},"end":{"line":192,"column":null}},"64":{"start":{"line":193,"column":6},"end":{"line":193,"column":null}},"65":{"start":{"line":199,"column":4},"end":{"line":213,"column":null}},"66":{"start":{"line":200,"column":19},"end":{"line":200,"column":null}},"67":{"start":{"line":201,"column":6},"end":{"line":201,"column":null}},"68":{"start":{"line":202,"column":6},"end":{"line":202,"column":null}},"69":{"start":{"line":202,"column":17},"end":{"line":202,"column":null}},"70":{"start":{"line":203,"column":6},"end":{"line":212,"column":null}},"71":{"start":{"line":204,"column":20},"end":{"line":204,"column":null}},"72":{"start":{"line":206,"column":8},"end":{"line":209,"column":null}},"73":{"start":{"line":207,"column":26},"end":{"line":207,"column":null}},"74":{"start":{"line":208,"column":10},"end":{"line":208,"column":null}},"75":{"start":{"line":208,"column":23},"end":{"line":208,"column":null}},"76":{"start":{"line":217,"column":4},"end":{"line":217,"column":null}},"77":{"start":{"line":221,"column":4},"end":{"line":224,"column":null}},"78":{"start":{"line":222,"column":6},"end":{"line":222,"column":null}},"79":{"start":{"line":223,"column":6},"end":{"line":223,"column":null}},"80":{"start":{"line":228,"column":4},"end":{"line":228,"column":null}},"81":{"start":{"line":229,"column":4},"end":{"line":229,"column":null}},"82":{"start":{"line":233,"column":4},"end":{"line":237,"column":null}},"83":{"start":{"line":238,"column":4},"end":{"line":238,"column":null}}},"fnMap":{"0":{"name":"copyFixture","decl":{"start":{"line":31,"column":16},"end":{"line":31,"column":28}},"loc":{"start":{"line":31,"column":50},"end":{"line":36,"column":null}},"line":31},"1":{"name":"copyDirSync","decl":{"start":{"line":38,"column":9},"end":{"line":38,"column":21}},"loc":{"start":{"line":38,"column":54},"end":{"line":45,"column":null}},"line":38},"2":{"name":"runCli","decl":{"start":{"line":53,"column":16},"end":{"line":53,"column":23}},"loc":{"start":{"line":53,"column":63},"end":{"line":74,"column":null}},"line":53},"3":{"name":"(anonymous_3)","decl":{"start":{"line":54,"column":32},"end":{"line":54,"column":33}},"loc":{"start":{"line":55,"column":4},"end":{"line":55,"column":null}},"line":55},"4":{"name":"readFile","decl":{"start":{"line":77,"column":16},"end":{"line":77,"column":25}},"loc":{"start":{"line":77,"column":64},"end":{"line":79,"column":null}},"line":77},"5":{"name":"fileExists","decl":{"start":{"line":82,"column":16},"end":{"line":82,"column":27}},"loc":{"start":{"line":82,"column":67},"end":{"line":84,"column":null}},"line":82},"6":{"name":"cleanup","decl":{"start":{"line":87,"column":16},"end":{"line":87,"column":24}},"loc":{"start":{"line":87,"column":43},"end":{"line":89,"column":null}},"line":87},"7":{"name":"spawnAndWaitForReady","decl":{"start":{"line":96,"column":16},"end":{"line":96,"column":null}},"loc":{"start":{"line":99,"column":25},"end":{"line":135,"column":null}},"line":99},"8":{"name":"(anonymous_8)","decl":{"start":{"line":101,"column":21},"end":{"line":101,"column":22}},"loc":{"start":{"line":101,"column":42},"end":{"line":134,"column":3}},"line":101},"9":{"name":"(anonymous_9)","decl":{"start":{"line":109,"column":29},"end":{"line":109,"column":35}},"loc":{"start":{"line":109,"column":35},"end":{"line":112,"column":7}},"line":109},"10":{"name":"(anonymous_10)","decl":{"start":{"line":115,"column":28},"end":{"line":115,"column":29}},"loc":{"start":{"line":115,"column":47},"end":{"line":128,"column":5}},"line":115},"11":{"name":"(anonymous_11)","decl":{"start":{"line":130,"column":21},"end":{"line":130,"column":22}},"loc":{"start":{"line":130,"column":31},"end":{"line":133,"column":5}},"line":130},"12":{"name":"waitForDaemon","decl":{"start":{"line":143,"column":16},"end":{"line":143,"column":30}},"loc":{"start":{"line":143,"column":78},"end":{"line":158,"column":null}},"line":143},"13":{"name":"(anonymous_13)","decl":{"start":{"line":144,"column":21},"end":{"line":144,"column":22}},"loc":{"start":{"line":144,"column":42},"end":{"line":157,"column":3}},"line":144},"14":{"name":"(anonymous_14)","decl":{"start":{"line":147,"column":17},"end":{"line":147,"column":23}},"loc":{"start":{"line":147,"column":23},"end":{"line":155,"column":null}},"line":147},"15":{"name":"killDaemon","decl":{"start":{"line":165,"column":16},"end":{"line":165,"column":27}},"loc":{"start":{"line":165,"column":46},"end":{"line":179,"column":null}},"line":165},"16":{"name":"(anonymous_16)","decl":{"start":{"line":190,"column":2},"end":{"line":190,"column":22}},"loc":{"start":{"line":190,"column":42},"end":{"line":195,"column":null}},"line":190},"17":{"name":"(anonymous_17)","decl":{"start":{"line":191,"column":28},"end":{"line":191,"column":29}},"loc":{"start":{"line":191,"column":47},"end":{"line":194,"column":5}},"line":191},"18":{"name":"(anonymous_18)","decl":{"start":{"line":197,"column":10},"end":{"line":197,"column":24}},"loc":{"start":{"line":197,"column":24},"end":{"line":214,"column":null}},"line":197},"19":{"name":"(anonymous_19)","decl":{"start":{"line":216,"column":2},"end":{"line":216,"column":7}},"loc":{"start":{"line":216,"column":30},"end":{"line":218,"column":null}},"line":216},"20":{"name":"(anonymous_20)","decl":{"start":{"line":220,"column":2},"end":{"line":220,"column":46}},"loc":{"start":{"line":220,"column":46},"end":{"line":225,"column":null}},"line":220},"21":{"name":"(anonymous_21)","decl":{"start":{"line":221,"column":23},"end":{"line":221,"column":24}},"loc":{"start":{"line":221,"column":36},"end":{"line":224,"column":5}},"line":221},"22":{"name":"(anonymous_22)","decl":{"start":{"line":227,"column":8},"end":{"line":227,"column":16}},"loc":{"start":{"line":227,"column":96},"end":{"line":230,"column":null}},"line":227},"23":{"name":"(anonymous_23)","decl":{"start":{"line":232,"column":8},"end":{"line":232,"column":36}},"loc":{"start":{"line":232,"column":36},"end":{"line":239,"column":null}},"line":232}},"branchMap":{"0":{"loc":{"start":{"line":43,"column":4},"end":{"line":43,"column":null}},"type":"cond-expr","locations":[{"start":{"line":43,"column":26},"end":{"line":43,"column":46}},{"start":{"line":43,"column":46},"end":{"line":43,"column":null}}],"line":43},"1":{"loc":{"start":{"line":55,"column":4},"end":{"line":55,"column":null}},"type":"cond-expr","locations":[{"start":{"line":55,"column":41},"end":{"line":55,"column":63}},{"start":{"line":55,"column":63},"end":{"line":55,"column":null}}],"line":55},"2":{"loc":{"start":{"line":65,"column":2},"end":{"line":67,"column":null}},"type":"if","locations":[{"start":{"line":65,"column":2},"end":{"line":67,"column":null}},{"start":{},"end":{}}],"line":65},"3":{"loc":{"start":{"line":98,"column":2},"end":{"line":98,"column":null}},"type":"default-arg","locations":[{"start":{"line":98,"column":54},"end":{"line":98,"column":null}}],"line":98},"4":{"loc":{"start":{"line":100,"column":10},"end":{"line":100,"column":30}},"type":"default-arg","locations":[{"start":{"line":100,"column":22},"end":{"line":100,"column":30}}],"line":100},"5":{"loc":{"start":{"line":100,"column":30},"end":{"line":100,"column":48}},"type":"default-arg","locations":[{"start":{"line":100,"column":42},"end":{"line":100,"column":48}}],"line":100},"6":{"loc":{"start":{"line":103,"column":14},"end":{"line":103,"column":45}},"type":"cond-expr","locations":[{"start":{"line":103,"column":26},"end":{"line":103,"column":35}},{"start":{"line":103,"column":35},"end":{"line":103,"column":45}}],"line":103},"7":{"loc":{"start":{"line":120,"column":10},"end":{"line":123,"column":null}},"type":"if","locations":[{"start":{"line":120,"column":10},"end":{"line":123,"column":null}},{"start":{},"end":{}}],"line":120},"8":{"loc":{"start":{"line":143,"column":43},"end":{"line":143,"column":78}},"type":"default-arg","locations":[{"start":{"line":143,"column":55},"end":{"line":143,"column":78}}],"line":143},"9":{"loc":{"start":{"line":148,"column":6},"end":{"line":154,"column":null}},"type":"if","locations":[{"start":{"line":148,"column":6},"end":{"line":154,"column":null}},{"start":{"line":150,"column":6},"end":{"line":154,"column":null}}],"line":148},"10":{"loc":{"start":{"line":150,"column":6},"end":{"line":154,"column":null}},"type":"if","locations":[{"start":{"line":150,"column":6},"end":{"line":154,"column":null}},{"start":{"line":152,"column":13},"end":{"line":154,"column":null}}],"line":150},"11":{"loc":{"start":{"line":169,"column":4},"end":{"line":175,"column":null}},"type":"if","locations":[{"start":{"line":169,"column":4},"end":{"line":175,"column":null}},{"start":{},"end":{}}],"line":169},"12":{"loc":{"start":{"line":202,"column":6},"end":{"line":202,"column":null}},"type":"if","locations":[{"start":{"line":202,"column":6},"end":{"line":202,"column":null}},{"start":{},"end":{}}],"line":202},"13":{"loc":{"start":{"line":206,"column":8},"end":{"line":209,"column":null}},"type":"if","locations":[{"start":{"line":206,"column":8},"end":{"line":209,"column":null}},{"start":{},"end":{}}],"line":206},"14":{"loc":{"start":{"line":208,"column":10},"end":{"line":208,"column":null}},"type":"if","locations":[{"start":{"line":208,"column":10},"end":{"line":208,"column":null}},{"start":{},"end":{}}],"line":208}},"s":{"0":9,"1":9,"2":9,"3":9,"4":44,"5":44,"6":44,"7":44,"8":96,"9":96,"10":196,"11":196,"12":196,"13":20,"14":140,"15":20,"16":20,"17":20,"18":0,"19":20,"20":20,"21":0,"22":46,"23":16,"24":44,"25":9,"26":9,"27":9,"28":9,"29":9,"30":0,"31":0,"32":9,"33":9,"34":9,"35":18,"36":18,"37":18,"38":9,"39":9,"40":9,"41":6,"42":6,"43":4,"44":4,"45":4,"46":4,"47":59,"48":4,"49":55,"50":0,"51":55,"52":4,"53":5,"54":5,"55":5,"56":5,"57":5,"58":5,"59":2,"60":2,"61":2,"62":2,"63":4,"64":4,"65":8,"66":4,"67":4,"68":4,"69":0,"70":4,"71":4,"72":4,"73":4,"74":4,"75":4,"76":6,"77":4,"78":4,"79":4,"80":4,"81":4,"82":2,"83":2},"f":{"0":44,"1":96,"2":20,"3":140,"4":46,"5":16,"6":44,"7":9,"8":9,"9":0,"10":9,"11":6,"12":4,"13":4,"14":59,"15":5,"16":2,"17":4,"18":8,"19":6,"20":4,"21":4,"22":4,"23":2},"b":{"0":[52,144],"1":[25,115],"2":[0,20],"3":[9],"4":[9],"5":[9],"6":[2,7],"7":[9,9],"8":[4],"9":[4,55],"10":[0,55],"11":[5,0],"12":[0,4],"13":[4,0],"14":[4,0]},"meta":{"lastBranch":15,"lastFunction":24,"lastStatement":84,"seen":{"s:8:6:8:Infinity":0,"s:9:21:9:Infinity":1,"s:10:16:10:Infinity":2,"s:11:18:11:Infinity":3,"f:31:16:31:28":0,"s:32:14:32:Infinity":4,"s:33:15:33:Infinity":5,"s:34:2:34:Infinity":6,"s:35:2:35:Infinity":7,"f:38:9:38:21":1,"s:39:2:39:Infinity":8,"s:40:2:44:Infinity":9,"s:41:14:41:Infinity":10,"s:42:14:42:Infinity":11,"s:43:4:43:Infinity":12,"b:43:26:43:46:43:46:43:Infinity":0,"f:53:16:53:23":2,"s:54:23:56:Infinity":13,"f:54:32:54:33":3,"s:55:4:55:Infinity":14,"b:55:41:55:63:55:63:55:Infinity":1,"s:58:8:61:Infinity":15,"s:63:17:63:Infinity":16,"b:65:2:67:Infinity:undefined:undefined:undefined:undefined":2,"s:65:2:67:Infinity":17,"s:66:4:66:Infinity":18,"s:69:2:73:Infinity":19,"s:70:4:70:Infinity":20,"s:72:4:72:Infinity":21,"f:77:16:77:25":4,"s:78:2:78:Infinity":22,"f:82:16:82:27":5,"s:83:2:83:Infinity":23,"f:87:16:87:24":6,"s:88:2:88:Infinity":24,"f:96:16:96:Infinity":7,"b:98:54:98:Infinity":3,"s:100:52:100:Infinity":25,"b:100:22:100:30":4,"b:100:42:100:48":5,"s:101:2:134:Infinity":26,"f:101:21:101:22":8,"s:102:10:105:Infinity":27,"b:103:26:103:35:103:35:103:45":6,"s:107:20:107:Infinity":28,"s:109:18:112:Infinity":29,"f:109:29:109:35":9,"s:110:6:110:Infinity":30,"s:111:6:111:Infinity":31,"s:115:4:128:Infinity":32,"f:115:28:115:29":10,"s:116:6:116:Infinity":33,"s:117:6:127:Infinity":34,"s:118:8:126:Infinity":35,"s:119:22:119:Infinity":36,"b:120:10:123:Infinity:undefined:undefined:undefined:undefined":7,"s:120:10:123:Infinity":37,"s:121:12:121:Infinity":38,"s:122:12:122:Infinity":39,"s:130:4:133:Infinity":40,"f:130:21:130:22":11,"s:131:6:131:Infinity":41,"s:132:6:132:Infinity":42,"f:143:16:143:30":12,"b:143:55:143:78":8,"s:144:2:157:Infinity":43,"f:144:21:144:22":13,"s:145:21:145:Infinity":44,"s:146:10:146:Infinity":45,"s:147:17:155:Infinity":46,"f:147:17:147:23":14,"b:148:6:154:Infinity:150:6:154:Infinity":9,"s:148:6:154:Infinity":47,"s:149:8:149:Infinity":48,"b:150:6:154:Infinity:152:13:154:Infinity":10,"s:150:6:154:Infinity":49,"s:151:8:151:Infinity":50,"s:153:8:153:Infinity":51,"s:156:4:156:Infinity":52,"f:165:16:165:27":15,"s:166:8:166:Infinity":53,"s:167:2:178:Infinity":54,"s:168:16:168:Infinity":55,"b:169:4:175:Infinity:undefined:undefined:undefined:undefined":11,"s:169:4:175:Infinity":56,"s:170:6:174:Infinity":57,"s:171:8:171:Infinity":58,"s:187:16:187:Infinity":59,"s:188:67:188:Infinity":60,"f:190:2:190:22":16,"s:190:22:190:42":61,"s:191:4:194:Infinity":62,"f:191:28:191:29":17,"s:192:6:192:Infinity":63,"s:193:6:193:Infinity":64,"f:197:10:197:24":18,"s:199:4:213:Infinity":65,"s:200:19:200:Infinity":66,"s:201:6:201:Infinity":67,"b:202:6:202:Infinity:undefined:undefined:undefined:undefined":12,"s:202:6:202:Infinity":68,"s:202:17:202:Infinity":69,"s:203:6:212:Infinity":70,"s:204:20:204:Infinity":71,"b:206:8:209:Infinity:undefined:undefined:undefined:undefined":13,"s:206:8:209:Infinity":72,"s:207:26:207:Infinity":73,"b:208:10:208:Infinity:undefined:undefined:undefined:undefined":14,"s:208:10:208:Infinity":74,"s:208:23:208:Infinity":75,"f:216:2:216:7":19,"s:217:4:217:Infinity":76,"f:220:2:220:46":20,"s:221:4:224:Infinity":77,"f:221:23:221:24":21,"s:222:6:222:Infinity":78,"s:223:6:223:Infinity":79,"f:227:8:227:16":22,"s:228:4:228:Infinity":80,"s:229:4:229:Infinity":81,"f:232:8:232:36":23,"s:233:4:237:Infinity":82,"s:238:4:238:Infinity":83}}}
}
